2017-03-22 15:57:53,760 - root - INFO - Loading and Verifying Device List : Successful, loaded (2) hosts!
2017-03-22 15:57:53,796 - root - INFO - Connecting to: 10.19.120.226
2017-03-22 15:57:53,796 - root - INFO - Connecting to: 10.19.120.62
2017-03-22 15:57:53,993 - paramiko.transport - DEBUG - starting thread (client mode): 0xfb86a90L
2017-03-22 15:57:53,993 - paramiko.transport - DEBUG - Local version/idstring: SSH-2.0-paramiko_2.1.1
2017-03-22 15:57:54,153 - paramiko.transport - DEBUG - Remote version/idstring: SSH-2.0-OpenSSH_6.6.1
2017-03-22 15:57:54,153 - paramiko.transport - INFO - Connected (version 2.0, client OpenSSH_6.6.1)
2017-03-22 15:57:54,305 - paramiko.transport - DEBUG - kex algos:[u'curve25519-sha256@libssh.org', u'ecdh-sha2-nistp256', u'ecdh-sha2-nistp384', u'ecdh-sha2-nistp521', u'diffie-hellman-group-exchange-sha256', u'diffie-hellman-group-exchange-sha1', u'diffie-hellman-group14-sha1', u'diffie-hellman-group1-sha1'] server key:[u'ssh-rsa', u'ssh-dss', u'ecdsa-sha2-nistp256', u'ssh-ed25519'] client encrypt:[u'aes128-ctr', u'aes192-ctr', u'aes256-ctr', u'arcfour256', u'arcfour128', u'aes128-gcm@openssh.com', u'aes256-gcm@openssh.com', u'chacha20-poly1305@openssh.com', u'aes128-cbc', u'3des-cbc', u'blowfish-cbc', u'cast128-cbc', u'aes192-cbc', u'aes256-cbc', u'arcfour', u'rijndael-cbc@lysator.liu.se'] server encrypt:[u'aes128-ctr', u'aes192-ctr', u'aes256-ctr', u'arcfour256', u'arcfour128', u'aes128-gcm@openssh.com', u'aes256-gcm@openssh.com', u'chacha20-poly1305@openssh.com', u'aes128-cbc', u'3des-cbc', u'blowfish-cbc', u'cast128-cbc', u'aes192-cbc', u'aes256-cbc', u'arcfour', u'rijndael-cbc@lysator.liu.se'] client mac:[u'hmac-md5-etm@openssh.com', u'hmac-sha1-etm@openssh.com', u'umac-64-etm@openssh.com', u'umac-128-etm@openssh.com', u'hmac-sha2-256-etm@openssh.com', u'hmac-sha2-512-etm@openssh.com', u'hmac-ripemd160-etm@openssh.com', u'hmac-sha1-96-etm@openssh.com', u'hmac-md5-96-etm@openssh.com', u'hmac-md5', u'hmac-sha1', u'umac-64@openssh.com', u'umac-128@openssh.com', u'hmac-sha2-256', u'hmac-sha2-256-96', u'hmac-sha2-512', u'hmac-sha2-512-96', u'hmac-ripemd160', u'hmac-ripemd160@openssh.com', u'hmac-sha1-96', u'hmac-md5-96'] server mac:[u'hmac-md5-etm@openssh.com', u'hmac-sha1-etm@openssh.com', u'umac-64-etm@openssh.com', u'umac-128-etm@openssh.com', u'hmac-sha2-256-etm@openssh.com', u'hmac-sha2-512-etm@openssh.com', u'hmac-ripemd160-etm@openssh.com', u'hmac-sha1-96-etm@openssh.com', u'hmac-md5-96-etm@openssh.com', u'hmac-md5', u'hmac-sha1', u'umac-64@openssh.com', u'umac-128@openssh.com', u'hmac-sha2-256', u'hmac-sha2-256-96', u'hmac-sha2-512', u'hmac-sha2-512-96', u'hmac-ripemd160', u'hmac-ripemd160@openssh.com', u'hmac-sha1-96', u'hmac-md5-96'] client compress:[u'none', u'zlib@openssh.com'] server compress:[u'none', u'zlib@openssh.com'] client lang:[u''] server lang:[u''] kex follows?False
2017-03-22 15:57:54,305 - paramiko.transport - DEBUG - Kex agreed: diffie-hellman-group1-sha1
2017-03-22 15:57:54,305 - paramiko.transport - DEBUG - Cipher agreed: aes128-ctr
2017-03-22 15:57:54,305 - paramiko.transport - DEBUG - MAC agreed: hmac-sha2-256
2017-03-22 15:57:54,305 - paramiko.transport - DEBUG - Compression agreed: none
2017-03-22 15:57:54,477 - paramiko.transport - DEBUG - kex engine KexGroup1 specified hash_algo <built-in function openssl_sha1>
2017-03-22 15:57:54,478 - paramiko.transport - DEBUG - Switch to new keys ...
2017-03-22 15:57:54,498 - paramiko.transport - DEBUG - Adding ssh-rsa host key for 10.19.120.226: ab870eaf371e0e45978358da7164a064
2017-03-22 15:57:55,013 - paramiko.transport - DEBUG - userauth is OK
2017-03-22 15:57:55,201 - paramiko.transport - INFO - Authentication (password) failed.
2017-03-22 15:57:55,303 - paramiko.transport - DEBUG - EOF in transport thread
2017-03-22 16:00:17,044 - root - INFO - Loading and Verifying Device List : Successful, loaded (2) hosts!
2017-03-22 16:00:17,066 - root - INFO - Connecting to: 10.19.120.226
2017-03-22 16:00:17,066 - root - INFO - Connecting to: 10.19.120.62
2017-03-22 16:00:17,253 - paramiko.transport - DEBUG - starting thread (client mode): 0xf39b510L
2017-03-22 16:00:17,254 - paramiko.transport - DEBUG - Local version/idstring: SSH-2.0-paramiko_2.1.1
2017-03-22 16:00:17,416 - paramiko.transport - DEBUG - Remote version/idstring: SSH-2.0-OpenSSH_6.6.1
2017-03-22 16:00:17,416 - paramiko.transport - INFO - Connected (version 2.0, client OpenSSH_6.6.1)
2017-03-22 16:00:17,568 - paramiko.transport - DEBUG - kex algos:[u'curve25519-sha256@libssh.org', u'ecdh-sha2-nistp256', u'ecdh-sha2-nistp384', u'ecdh-sha2-nistp521', u'diffie-hellman-group-exchange-sha256', u'diffie-hellman-group-exchange-sha1', u'diffie-hellman-group14-sha1', u'diffie-hellman-group1-sha1'] server key:[u'ssh-rsa', u'ssh-dss', u'ecdsa-sha2-nistp256', u'ssh-ed25519'] client encrypt:[u'aes128-ctr', u'aes192-ctr', u'aes256-ctr', u'arcfour256', u'arcfour128', u'aes128-gcm@openssh.com', u'aes256-gcm@openssh.com', u'chacha20-poly1305@openssh.com', u'aes128-cbc', u'3des-cbc', u'blowfish-cbc', u'cast128-cbc', u'aes192-cbc', u'aes256-cbc', u'arcfour', u'rijndael-cbc@lysator.liu.se'] server encrypt:[u'aes128-ctr', u'aes192-ctr', u'aes256-ctr', u'arcfour256', u'arcfour128', u'aes128-gcm@openssh.com', u'aes256-gcm@openssh.com', u'chacha20-poly1305@openssh.com', u'aes128-cbc', u'3des-cbc', u'blowfish-cbc', u'cast128-cbc', u'aes192-cbc', u'aes256-cbc', u'arcfour', u'rijndael-cbc@lysator.liu.se'] client mac:[u'hmac-md5-etm@openssh.com', u'hmac-sha1-etm@openssh.com', u'umac-64-etm@openssh.com', u'umac-128-etm@openssh.com', u'hmac-sha2-256-etm@openssh.com', u'hmac-sha2-512-etm@openssh.com', u'hmac-ripemd160-etm@openssh.com', u'hmac-sha1-96-etm@openssh.com', u'hmac-md5-96-etm@openssh.com', u'hmac-md5', u'hmac-sha1', u'umac-64@openssh.com', u'umac-128@openssh.com', u'hmac-sha2-256', u'hmac-sha2-256-96', u'hmac-sha2-512', u'hmac-sha2-512-96', u'hmac-ripemd160', u'hmac-ripemd160@openssh.com', u'hmac-sha1-96', u'hmac-md5-96'] server mac:[u'hmac-md5-etm@openssh.com', u'hmac-sha1-etm@openssh.com', u'umac-64-etm@openssh.com', u'umac-128-etm@openssh.com', u'hmac-sha2-256-etm@openssh.com', u'hmac-sha2-512-etm@openssh.com', u'hmac-ripemd160-etm@openssh.com', u'hmac-sha1-96-etm@openssh.com', u'hmac-md5-96-etm@openssh.com', u'hmac-md5', u'hmac-sha1', u'umac-64@openssh.com', u'umac-128@openssh.com', u'hmac-sha2-256', u'hmac-sha2-256-96', u'hmac-sha2-512', u'hmac-sha2-512-96', u'hmac-ripemd160', u'hmac-ripemd160@openssh.com', u'hmac-sha1-96', u'hmac-md5-96'] client compress:[u'none', u'zlib@openssh.com'] server compress:[u'none', u'zlib@openssh.com'] client lang:[u''] server lang:[u''] kex follows?False
2017-03-22 16:00:17,568 - paramiko.transport - DEBUG - Kex agreed: diffie-hellman-group1-sha1
2017-03-22 16:00:17,568 - paramiko.transport - DEBUG - Cipher agreed: aes128-ctr
2017-03-22 16:00:17,569 - paramiko.transport - DEBUG - MAC agreed: hmac-sha2-256
2017-03-22 16:00:17,569 - paramiko.transport - DEBUG - Compression agreed: none
2017-03-22 16:00:17,758 - paramiko.transport - DEBUG - kex engine KexGroup1 specified hash_algo <built-in function openssl_sha1>
2017-03-22 16:00:17,759 - paramiko.transport - DEBUG - Switch to new keys ...
2017-03-22 16:00:17,760 - paramiko.transport - DEBUG - Adding ssh-rsa host key for 10.19.120.226: ab870eaf371e0e45978358da7164a064
2017-03-22 16:00:18,161 - paramiko.transport - DEBUG - userauth is OK
2017-03-22 16:00:18,331 - paramiko.transport - INFO - Authentication (password) failed.
2017-03-22 16:00:18,432 - paramiko.transport - DEBUG - EOF in transport thread
2017-03-22 16:02:43,369 - root - INFO - Loading and Verifying Device List : Successful, loaded (2) hosts!
2017-03-22 16:02:43,404 - root - INFO - Connecting to: 10.19.120.226
2017-03-22 16:02:43,404 - root - INFO - Connecting to: 10.19.120.62
2017-03-22 16:02:43,584 - paramiko.transport - DEBUG - starting thread (client mode): 0xb670210L
2017-03-22 16:02:43,584 - paramiko.transport - DEBUG - Local version/idstring: SSH-2.0-paramiko_2.1.1
2017-03-22 16:02:43,747 - paramiko.transport - DEBUG - Remote version/idstring: SSH-2.0-OpenSSH_6.6.1
2017-03-22 16:02:43,747 - paramiko.transport - INFO - Connected (version 2.0, client OpenSSH_6.6.1)
2017-03-22 16:02:44,000 - paramiko.transport - DEBUG - kex algos:[u'curve25519-sha256@libssh.org', u'ecdh-sha2-nistp256', u'ecdh-sha2-nistp384', u'ecdh-sha2-nistp521', u'diffie-hellman-group-exchange-sha256', u'diffie-hellman-group-exchange-sha1', u'diffie-hellman-group14-sha1', u'diffie-hellman-group1-sha1'] server key:[u'ssh-rsa', u'ssh-dss', u'ecdsa-sha2-nistp256', u'ssh-ed25519'] client encrypt:[u'aes128-ctr', u'aes192-ctr', u'aes256-ctr', u'arcfour256', u'arcfour128', u'aes128-gcm@openssh.com', u'aes256-gcm@openssh.com', u'chacha20-poly1305@openssh.com', u'aes128-cbc', u'3des-cbc', u'blowfish-cbc', u'cast128-cbc', u'aes192-cbc', u'aes256-cbc', u'arcfour', u'rijndael-cbc@lysator.liu.se'] server encrypt:[u'aes128-ctr', u'aes192-ctr', u'aes256-ctr', u'arcfour256', u'arcfour128', u'aes128-gcm@openssh.com', u'aes256-gcm@openssh.com', u'chacha20-poly1305@openssh.com', u'aes128-cbc', u'3des-cbc', u'blowfish-cbc', u'cast128-cbc', u'aes192-cbc', u'aes256-cbc', u'arcfour', u'rijndael-cbc@lysator.liu.se'] client mac:[u'hmac-md5-etm@openssh.com', u'hmac-sha1-etm@openssh.com', u'umac-64-etm@openssh.com', u'umac-128-etm@openssh.com', u'hmac-sha2-256-etm@openssh.com', u'hmac-sha2-512-etm@openssh.com', u'hmac-ripemd160-etm@openssh.com', u'hmac-sha1-96-etm@openssh.com', u'hmac-md5-96-etm@openssh.com', u'hmac-md5', u'hmac-sha1', u'umac-64@openssh.com', u'umac-128@openssh.com', u'hmac-sha2-256', u'hmac-sha2-256-96', u'hmac-sha2-512', u'hmac-sha2-512-96', u'hmac-ripemd160', u'hmac-ripemd160@openssh.com', u'hmac-sha1-96', u'hmac-md5-96'] server mac:[u'hmac-md5-etm@openssh.com', u'hmac-sha1-etm@openssh.com', u'umac-64-etm@openssh.com', u'umac-128-etm@openssh.com', u'hmac-sha2-256-etm@openssh.com', u'hmac-sha2-512-etm@openssh.com', u'hmac-ripemd160-etm@openssh.com', u'hmac-sha1-96-etm@openssh.com', u'hmac-md5-96-etm@openssh.com', u'hmac-md5', u'hmac-sha1', u'umac-64@openssh.com', u'umac-128@openssh.com', u'hmac-sha2-256', u'hmac-sha2-256-96', u'hmac-sha2-512', u'hmac-sha2-512-96', u'hmac-ripemd160', u'hmac-ripemd160@openssh.com', u'hmac-sha1-96', u'hmac-md5-96'] client compress:[u'none', u'zlib@openssh.com'] server compress:[u'none', u'zlib@openssh.com'] client lang:[u''] server lang:[u''] kex follows?False
2017-03-22 16:02:44,001 - paramiko.transport - DEBUG - Kex agreed: diffie-hellman-group1-sha1
2017-03-22 16:02:44,001 - paramiko.transport - DEBUG - Cipher agreed: aes128-ctr
2017-03-22 16:02:44,001 - paramiko.transport - DEBUG - MAC agreed: hmac-sha2-256
2017-03-22 16:02:44,001 - paramiko.transport - DEBUG - Compression agreed: none
2017-03-22 16:02:44,173 - paramiko.transport - DEBUG - kex engine KexGroup1 specified hash_algo <built-in function openssl_sha1>
2017-03-22 16:02:44,175 - paramiko.transport - DEBUG - Switch to new keys ...
2017-03-22 16:02:44,191 - paramiko.transport - DEBUG - Adding ssh-rsa host key for 10.19.120.226: ab870eaf371e0e45978358da7164a064
2017-03-22 16:02:44,574 - paramiko.transport - DEBUG - userauth is OK
2017-03-22 16:02:44,744 - paramiko.transport - INFO - Authentication (password) successful!
2017-03-22 16:02:44,768 - paramiko.transport - DEBUG - [chan 0] Max packet in: 32768 bytes
2017-03-22 16:02:44,918 - paramiko.transport - DEBUG - [chan 0] Max packet out: 32768 bytes
2017-03-22 16:02:44,918 - paramiko.transport - DEBUG - Secsh channel 0 opened.
2017-03-22 16:02:45,088 - paramiko.transport - DEBUG - [chan 0] Sesch channel 0 request ok
2017-03-22 16:02:45,483 - paramiko.transport - DEBUG - [chan 0] EOF received (0)
2017-03-22 16:03:58,932 - root - ERROR - No output was received from the devices.
2017-03-22 16:22:15,950 - root - INFO - Loading and Verifying Device List : Successful, loaded (1) hosts!
2017-03-22 16:22:15,971 - root - INFO - Connecting to: 10.19.120.226
2017-03-22 16:22:16,156 - paramiko.transport - DEBUG - starting thread (client mode): 0xa3b3890L
2017-03-22 16:22:16,156 - paramiko.transport - DEBUG - Local version/idstring: SSH-2.0-paramiko_2.1.1
2017-03-22 16:22:16,321 - paramiko.transport - DEBUG - Remote version/idstring: SSH-2.0-OpenSSH_6.6.1
2017-03-22 16:22:16,322 - paramiko.transport - INFO - Connected (version 2.0, client OpenSSH_6.6.1)
2017-03-22 16:22:16,574 - paramiko.transport - DEBUG - kex algos:[u'curve25519-sha256@libssh.org', u'ecdh-sha2-nistp256', u'ecdh-sha2-nistp384', u'ecdh-sha2-nistp521', u'diffie-hellman-group-exchange-sha256', u'diffie-hellman-group-exchange-sha1', u'diffie-hellman-group14-sha1', u'diffie-hellman-group1-sha1'] server key:[u'ssh-rsa', u'ssh-dss', u'ecdsa-sha2-nistp256', u'ssh-ed25519'] client encrypt:[u'aes128-ctr', u'aes192-ctr', u'aes256-ctr', u'arcfour256', u'arcfour128', u'aes128-gcm@openssh.com', u'aes256-gcm@openssh.com', u'chacha20-poly1305@openssh.com', u'aes128-cbc', u'3des-cbc', u'blowfish-cbc', u'cast128-cbc', u'aes192-cbc', u'aes256-cbc', u'arcfour', u'rijndael-cbc@lysator.liu.se'] server encrypt:[u'aes128-ctr', u'aes192-ctr', u'aes256-ctr', u'arcfour256', u'arcfour128', u'aes128-gcm@openssh.com', u'aes256-gcm@openssh.com', u'chacha20-poly1305@openssh.com', u'aes128-cbc', u'3des-cbc', u'blowfish-cbc', u'cast128-cbc', u'aes192-cbc', u'aes256-cbc', u'arcfour', u'rijndael-cbc@lysator.liu.se'] client mac:[u'hmac-md5-etm@openssh.com', u'hmac-sha1-etm@openssh.com', u'umac-64-etm@openssh.com', u'umac-128-etm@openssh.com', u'hmac-sha2-256-etm@openssh.com', u'hmac-sha2-512-etm@openssh.com', u'hmac-ripemd160-etm@openssh.com', u'hmac-sha1-96-etm@openssh.com', u'hmac-md5-96-etm@openssh.com', u'hmac-md5', u'hmac-sha1', u'umac-64@openssh.com', u'umac-128@openssh.com', u'hmac-sha2-256', u'hmac-sha2-256-96', u'hmac-sha2-512', u'hmac-sha2-512-96', u'hmac-ripemd160', u'hmac-ripemd160@openssh.com', u'hmac-sha1-96', u'hmac-md5-96'] server mac:[u'hmac-md5-etm@openssh.com', u'hmac-sha1-etm@openssh.com', u'umac-64-etm@openssh.com', u'umac-128-etm@openssh.com', u'hmac-sha2-256-etm@openssh.com', u'hmac-sha2-512-etm@openssh.com', u'hmac-ripemd160-etm@openssh.com', u'hmac-sha1-96-etm@openssh.com', u'hmac-md5-96-etm@openssh.com', u'hmac-md5', u'hmac-sha1', u'umac-64@openssh.com', u'umac-128@openssh.com', u'hmac-sha2-256', u'hmac-sha2-256-96', u'hmac-sha2-512', u'hmac-sha2-512-96', u'hmac-ripemd160', u'hmac-ripemd160@openssh.com', u'hmac-sha1-96', u'hmac-md5-96'] client compress:[u'none', u'zlib@openssh.com'] server compress:[u'none', u'zlib@openssh.com'] client lang:[u''] server lang:[u''] kex follows?False
2017-03-22 16:22:16,575 - paramiko.transport - DEBUG - Kex agreed: diffie-hellman-group1-sha1
2017-03-22 16:22:16,575 - paramiko.transport - DEBUG - Cipher agreed: aes128-ctr
2017-03-22 16:22:16,575 - paramiko.transport - DEBUG - MAC agreed: hmac-sha2-256
2017-03-22 16:22:16,575 - paramiko.transport - DEBUG - Compression agreed: none
2017-03-22 16:22:16,747 - paramiko.transport - DEBUG - kex engine KexGroup1 specified hash_algo <built-in function openssl_sha1>
2017-03-22 16:22:16,749 - paramiko.transport - DEBUG - Switch to new keys ...
2017-03-22 16:22:16,763 - paramiko.transport - DEBUG - Adding ssh-rsa host key for 10.19.120.226: ab870eaf371e0e45978358da7164a064
2017-03-22 16:22:17,153 - paramiko.transport - DEBUG - userauth is OK
2017-03-22 16:22:17,318 - paramiko.transport - INFO - Authentication (password) successful!
2017-03-22 16:22:17,337 - paramiko.transport - DEBUG - [chan 0] Max packet in: 32768 bytes
2017-03-22 16:22:17,489 - paramiko.transport - DEBUG - [chan 0] Max packet out: 32768 bytes
2017-03-22 16:22:17,489 - paramiko.transport - DEBUG - Secsh channel 0 opened.
2017-03-22 16:22:17,658 - paramiko.transport - DEBUG - [chan 0] Sesch channel 0 request ok
2017-03-22 16:22:17,720 - paramiko.transport - DEBUG - [chan 0] EOF received (0)
2017-03-22 16:22:17,727 - root - INFO - Retriving the information from devices : Process finished
2017-03-22 16:22:42,387 - root - INFO - Loading and Verifying Device List : Successful, loaded (1) hosts!
2017-03-22 16:22:42,404 - root - INFO - Connecting to: 10.19.120.226
2017-03-22 16:22:42,579 - paramiko.transport - DEBUG - starting thread (client mode): 0xb750b90L
2017-03-22 16:22:42,579 - paramiko.transport - DEBUG - Local version/idstring: SSH-2.0-paramiko_2.1.1
2017-03-22 16:22:42,741 - paramiko.transport - DEBUG - Remote version/idstring: SSH-2.0-OpenSSH_6.6.1
2017-03-22 16:22:42,742 - paramiko.transport - INFO - Connected (version 2.0, client OpenSSH_6.6.1)
2017-03-22 16:22:42,893 - paramiko.transport - DEBUG - kex algos:[u'curve25519-sha256@libssh.org', u'ecdh-sha2-nistp256', u'ecdh-sha2-nistp384', u'ecdh-sha2-nistp521', u'diffie-hellman-group-exchange-sha256', u'diffie-hellman-group-exchange-sha1', u'diffie-hellman-group14-sha1', u'diffie-hellman-group1-sha1'] server key:[u'ssh-rsa', u'ssh-dss', u'ecdsa-sha2-nistp256', u'ssh-ed25519'] client encrypt:[u'aes128-ctr', u'aes192-ctr', u'aes256-ctr', u'arcfour256', u'arcfour128', u'aes128-gcm@openssh.com', u'aes256-gcm@openssh.com', u'chacha20-poly1305@openssh.com', u'aes128-cbc', u'3des-cbc', u'blowfish-cbc', u'cast128-cbc', u'aes192-cbc', u'aes256-cbc', u'arcfour', u'rijndael-cbc@lysator.liu.se'] server encrypt:[u'aes128-ctr', u'aes192-ctr', u'aes256-ctr', u'arcfour256', u'arcfour128', u'aes128-gcm@openssh.com', u'aes256-gcm@openssh.com', u'chacha20-poly1305@openssh.com', u'aes128-cbc', u'3des-cbc', u'blowfish-cbc', u'cast128-cbc', u'aes192-cbc', u'aes256-cbc', u'arcfour', u'rijndael-cbc@lysator.liu.se'] client mac:[u'hmac-md5-etm@openssh.com', u'hmac-sha1-etm@openssh.com', u'umac-64-etm@openssh.com', u'umac-128-etm@openssh.com', u'hmac-sha2-256-etm@openssh.com', u'hmac-sha2-512-etm@openssh.com', u'hmac-ripemd160-etm@openssh.com', u'hmac-sha1-96-etm@openssh.com', u'hmac-md5-96-etm@openssh.com', u'hmac-md5', u'hmac-sha1', u'umac-64@openssh.com', u'umac-128@openssh.com', u'hmac-sha2-256', u'hmac-sha2-256-96', u'hmac-sha2-512', u'hmac-sha2-512-96', u'hmac-ripemd160', u'hmac-ripemd160@openssh.com', u'hmac-sha1-96', u'hmac-md5-96'] server mac:[u'hmac-md5-etm@openssh.com', u'hmac-sha1-etm@openssh.com', u'umac-64-etm@openssh.com', u'umac-128-etm@openssh.com', u'hmac-sha2-256-etm@openssh.com', u'hmac-sha2-512-etm@openssh.com', u'hmac-ripemd160-etm@openssh.com', u'hmac-sha1-96-etm@openssh.com', u'hmac-md5-96-etm@openssh.com', u'hmac-md5', u'hmac-sha1', u'umac-64@openssh.com', u'umac-128@openssh.com', u'hmac-sha2-256', u'hmac-sha2-256-96', u'hmac-sha2-512', u'hmac-sha2-512-96', u'hmac-ripemd160', u'hmac-ripemd160@openssh.com', u'hmac-sha1-96', u'hmac-md5-96'] client compress:[u'none', u'zlib@openssh.com'] server compress:[u'none', u'zlib@openssh.com'] client lang:[u''] server lang:[u''] kex follows?False
2017-03-22 16:22:42,894 - paramiko.transport - DEBUG - Kex agreed: diffie-hellman-group1-sha1
2017-03-22 16:22:42,894 - paramiko.transport - DEBUG - Cipher agreed: aes128-ctr
2017-03-22 16:22:42,894 - paramiko.transport - DEBUG - MAC agreed: hmac-sha2-256
2017-03-22 16:22:42,894 - paramiko.transport - DEBUG - Compression agreed: none
2017-03-22 16:22:43,064 - paramiko.transport - DEBUG - kex engine KexGroup1 specified hash_algo <built-in function openssl_sha1>
2017-03-22 16:22:43,065 - paramiko.transport - DEBUG - Switch to new keys ...
2017-03-22 16:22:43,084 - paramiko.transport - DEBUG - Adding ssh-rsa host key for 10.19.120.226: ab870eaf371e0e45978358da7164a064
2017-03-22 16:22:43,471 - paramiko.transport - DEBUG - userauth is OK
2017-03-22 16:22:43,643 - paramiko.transport - INFO - Authentication (password) successful!
2017-03-22 16:22:43,659 - paramiko.transport - DEBUG - [chan 0] Max packet in: 32768 bytes
2017-03-22 16:22:43,809 - paramiko.transport - DEBUG - [chan 0] Max packet out: 32768 bytes
2017-03-22 16:22:43,810 - paramiko.transport - DEBUG - Secsh channel 0 opened.
2017-03-22 16:22:43,980 - paramiko.transport - DEBUG - [chan 0] Sesch channel 0 request ok
2017-03-22 16:22:44,044 - paramiko.transport - DEBUG - [chan 0] EOF received (0)
2017-03-22 16:22:44,045 - root - ERROR - The device was not recognized!
2017-03-22 16:22:44,046 - paramiko.transport - DEBUG - EOF in transport thread
2017-03-22 16:22:44,048 - root - ERROR - No output was received from the devices.
2017-03-22 16:25:00,598 - root - INFO - Loading and Verifying Device List : Successful, loaded (1) hosts!
2017-03-22 16:25:00,621 - root - INFO - Connecting to: 10.19.120.226
2017-03-22 16:25:00,808 - paramiko.transport - DEBUG - starting thread (client mode): 0x4cf5310L
2017-03-22 16:25:00,809 - paramiko.transport - DEBUG - Local version/idstring: SSH-2.0-paramiko_2.1.1
2017-03-22 16:25:00,968 - paramiko.transport - DEBUG - Remote version/idstring: SSH-2.0-OpenSSH_6.6.1
2017-03-22 16:25:00,969 - paramiko.transport - INFO - Connected (version 2.0, client OpenSSH_6.6.1)
2017-03-22 16:25:01,223 - paramiko.transport - DEBUG - kex algos:[u'curve25519-sha256@libssh.org', u'ecdh-sha2-nistp256', u'ecdh-sha2-nistp384', u'ecdh-sha2-nistp521', u'diffie-hellman-group-exchange-sha256', u'diffie-hellman-group-exchange-sha1', u'diffie-hellman-group14-sha1', u'diffie-hellman-group1-sha1'] server key:[u'ssh-rsa', u'ssh-dss', u'ecdsa-sha2-nistp256', u'ssh-ed25519'] client encrypt:[u'aes128-ctr', u'aes192-ctr', u'aes256-ctr', u'arcfour256', u'arcfour128', u'aes128-gcm@openssh.com', u'aes256-gcm@openssh.com', u'chacha20-poly1305@openssh.com', u'aes128-cbc', u'3des-cbc', u'blowfish-cbc', u'cast128-cbc', u'aes192-cbc', u'aes256-cbc', u'arcfour', u'rijndael-cbc@lysator.liu.se'] server encrypt:[u'aes128-ctr', u'aes192-ctr', u'aes256-ctr', u'arcfour256', u'arcfour128', u'aes128-gcm@openssh.com', u'aes256-gcm@openssh.com', u'chacha20-poly1305@openssh.com', u'aes128-cbc', u'3des-cbc', u'blowfish-cbc', u'cast128-cbc', u'aes192-cbc', u'aes256-cbc', u'arcfour', u'rijndael-cbc@lysator.liu.se'] client mac:[u'hmac-md5-etm@openssh.com', u'hmac-sha1-etm@openssh.com', u'umac-64-etm@openssh.com', u'umac-128-etm@openssh.com', u'hmac-sha2-256-etm@openssh.com', u'hmac-sha2-512-etm@openssh.com', u'hmac-ripemd160-etm@openssh.com', u'hmac-sha1-96-etm@openssh.com', u'hmac-md5-96-etm@openssh.com', u'hmac-md5', u'hmac-sha1', u'umac-64@openssh.com', u'umac-128@openssh.com', u'hmac-sha2-256', u'hmac-sha2-256-96', u'hmac-sha2-512', u'hmac-sha2-512-96', u'hmac-ripemd160', u'hmac-ripemd160@openssh.com', u'hmac-sha1-96', u'hmac-md5-96'] server mac:[u'hmac-md5-etm@openssh.com', u'hmac-sha1-etm@openssh.com', u'umac-64-etm@openssh.com', u'umac-128-etm@openssh.com', u'hmac-sha2-256-etm@openssh.com', u'hmac-sha2-512-etm@openssh.com', u'hmac-ripemd160-etm@openssh.com', u'hmac-sha1-96-etm@openssh.com', u'hmac-md5-96-etm@openssh.com', u'hmac-md5', u'hmac-sha1', u'umac-64@openssh.com', u'umac-128@openssh.com', u'hmac-sha2-256', u'hmac-sha2-256-96', u'hmac-sha2-512', u'hmac-sha2-512-96', u'hmac-ripemd160', u'hmac-ripemd160@openssh.com', u'hmac-sha1-96', u'hmac-md5-96'] client compress:[u'none', u'zlib@openssh.com'] server compress:[u'none', u'zlib@openssh.com'] client lang:[u''] server lang:[u''] kex follows?False
2017-03-22 16:25:01,223 - paramiko.transport - DEBUG - Kex agreed: diffie-hellman-group1-sha1
2017-03-22 16:25:01,223 - paramiko.transport - DEBUG - Cipher agreed: aes128-ctr
2017-03-22 16:25:01,224 - paramiko.transport - DEBUG - MAC agreed: hmac-sha2-256
2017-03-22 16:25:01,224 - paramiko.transport - DEBUG - Compression agreed: none
2017-03-22 16:25:01,398 - paramiko.transport - DEBUG - kex engine KexGroup1 specified hash_algo <built-in function openssl_sha1>
2017-03-22 16:25:01,400 - paramiko.transport - DEBUG - Switch to new keys ...
2017-03-22 16:25:01,415 - paramiko.transport - DEBUG - Adding ssh-rsa host key for 10.19.120.226: ab870eaf371e0e45978358da7164a064
2017-03-22 16:25:02,013 - paramiko.transport - DEBUG - userauth is OK
2017-03-22 16:25:02,183 - paramiko.transport - INFO - Authentication (password) successful!
2017-03-22 16:25:02,192 - paramiko.transport - DEBUG - [chan 0] Max packet in: 32768 bytes
2017-03-22 16:25:02,343 - paramiko.transport - DEBUG - [chan 0] Max packet out: 32768 bytes
2017-03-22 16:25:02,343 - paramiko.transport - DEBUG - Secsh channel 0 opened.
2017-03-22 16:25:02,512 - paramiko.transport - DEBUG - [chan 0] Sesch channel 0 request ok
2017-03-22 16:25:02,580 - paramiko.transport - DEBUG - [chan 0] EOF received (0)
2017-03-22 16:25:02,582 - paramiko.transport - DEBUG - [chan 0] EOF sent (0)
2017-03-22 16:25:02,583 - root - INFO - Loaded list of commands [10.19.120.226]
2017-03-22 16:25:02,583 - paramiko.transport - DEBUG - [chan 1] Max packet in: 32768 bytes
2017-03-22 16:25:02,987 - paramiko.transport - DEBUG - [chan 1] Max packet out: 32768 bytes
2017-03-22 16:25:02,988 - paramiko.transport - DEBUG - Secsh channel 1 opened.
2017-03-22 16:25:03,140 - paramiko.transport - DEBUG - [chan 1] Sesch channel 1 request ok
2017-03-22 16:25:03,470 - paramiko.transport - DEBUG - [chan 1] EOF received (1)
2017-03-22 16:25:03,471 - paramiko.transport - DEBUG - [chan 2] Max packet in: 32768 bytes
2017-03-22 16:25:03,471 - paramiko.transport - DEBUG - [chan 1] EOF sent (1)
2017-03-22 16:25:03,623 - paramiko.transport - DEBUG - [chan 2] Max packet out: 32768 bytes
2017-03-22 16:25:03,624 - paramiko.transport - DEBUG - Secsh channel 2 opened.
2017-03-22 16:25:04,296 - paramiko.transport - DEBUG - [chan 2] Sesch channel 2 request ok
2017-03-22 16:25:04,518 - paramiko.transport - DEBUG - [chan 2] EOF received (2)
2017-03-22 16:25:04,519 - paramiko.transport - DEBUG - [chan 3] Max packet in: 32768 bytes
2017-03-22 16:25:04,519 - paramiko.transport - DEBUG - [chan 2] EOF sent (2)
2017-03-22 16:25:04,669 - paramiko.transport - DEBUG - [chan 3] Max packet out: 32768 bytes
2017-03-22 16:25:04,670 - paramiko.transport - DEBUG - Secsh channel 3 opened.
2017-03-22 16:25:05,073 - paramiko.transport - DEBUG - [chan 3] Sesch channel 3 request ok
2017-03-22 16:25:05,162 - paramiko.transport - DEBUG - [chan 3] EOF received (3)
2017-03-22 16:25:05,162 - paramiko.transport - DEBUG - [chan 4] Max packet in: 32768 bytes
2017-03-22 16:25:05,163 - paramiko.transport - DEBUG - [chan 3] EOF sent (3)
2017-03-22 16:25:05,314 - paramiko.transport - DEBUG - [chan 4] Max packet out: 32768 bytes
2017-03-22 16:25:05,314 - paramiko.transport - DEBUG - Secsh channel 4 opened.
2017-03-22 16:25:05,720 - paramiko.transport - DEBUG - [chan 4] Sesch channel 4 request ok
2017-03-22 16:25:05,779 - paramiko.transport - DEBUG - [chan 4] EOF received (4)
2017-03-22 16:25:05,780 - paramiko.transport - DEBUG - [chan 5] Max packet in: 32768 bytes
2017-03-22 16:25:05,780 - paramiko.transport - DEBUG - [chan 4] EOF sent (4)
2017-03-22 16:25:05,930 - paramiko.transport - DEBUG - [chan 5] Max packet out: 32768 bytes
2017-03-22 16:25:05,931 - paramiko.transport - DEBUG - Secsh channel 5 opened.
2017-03-22 16:25:06,336 - paramiko.transport - DEBUG - [chan 5] Sesch channel 5 request ok
2017-03-22 16:25:06,493 - paramiko.transport - DEBUG - [chan 5] EOF received (5)
2017-03-22 16:25:06,494 - paramiko.transport - DEBUG - [chan 6] Max packet in: 32768 bytes
2017-03-22 16:25:06,494 - paramiko.transport - DEBUG - [chan 5] EOF sent (5)
2017-03-22 16:25:06,646 - paramiko.transport - DEBUG - [chan 6] Max packet out: 32768 bytes
2017-03-22 16:25:06,647 - paramiko.transport - DEBUG - Secsh channel 6 opened.
2017-03-22 16:25:07,055 - paramiko.transport - DEBUG - [chan 6] Sesch channel 6 request ok
2017-03-22 16:25:13,392 - paramiko.transport - DEBUG - [chan 6] EOF received (6)
2017-03-22 16:25:13,395 - paramiko.transport - DEBUG - [chan 7] Max packet in: 32768 bytes
2017-03-22 16:25:13,396 - paramiko.transport - DEBUG - [chan 6] EOF sent (6)
2017-03-22 16:25:13,548 - paramiko.transport - DEBUG - [chan 7] Max packet out: 32768 bytes
2017-03-22 16:25:13,548 - paramiko.transport - DEBUG - Secsh channel 7 opened.
2017-03-22 16:25:13,973 - paramiko.transport - DEBUG - [chan 7] Sesch channel 7 request ok
2017-03-22 16:25:13,981 - paramiko.transport - DEBUG - EOF in transport thread
2017-03-22 16:25:13,995 - root - INFO - Retriving the information from devices : Process finished
2017-03-22 16:34:25,113 - root - INFO - Loading and Verifying Device List : Successful, loaded (2) hosts!
2017-03-22 16:34:25,133 - root - INFO - Connecting to: 10.19.120.226
2017-03-22 16:34:25,133 - root - INFO - Connecting to: 10.19.122.62
2017-03-22 16:34:25,315 - paramiko.transport - DEBUG - starting thread (client mode): 0xa43de10L
2017-03-22 16:34:25,315 - paramiko.transport - DEBUG - starting thread (client mode): 0xa43ec50L
2017-03-22 16:34:25,315 - paramiko.transport - DEBUG - Local version/idstring: SSH-2.0-paramiko_2.1.1
2017-03-22 16:34:25,315 - paramiko.transport - DEBUG - Local version/idstring: SSH-2.0-paramiko_2.1.1
2017-03-22 16:34:25,477 - paramiko.transport - DEBUG - Remote version/idstring: SSH-2.0-OpenSSH_6.6.1
2017-03-22 16:34:25,477 - paramiko.transport - INFO - Connected (version 2.0, client OpenSSH_6.6.1)
2017-03-22 16:34:25,628 - paramiko.transport - DEBUG - kex algos:[u'curve25519-sha256@libssh.org', u'ecdh-sha2-nistp256', u'ecdh-sha2-nistp384', u'ecdh-sha2-nistp521', u'diffie-hellman-group-exchange-sha256', u'diffie-hellman-group-exchange-sha1', u'diffie-hellman-group14-sha1', u'diffie-hellman-group1-sha1'] server key:[u'ssh-rsa', u'ssh-dss', u'ecdsa-sha2-nistp256', u'ssh-ed25519'] client encrypt:[u'aes128-ctr', u'aes192-ctr', u'aes256-ctr', u'arcfour256', u'arcfour128', u'aes128-gcm@openssh.com', u'aes256-gcm@openssh.com', u'chacha20-poly1305@openssh.com', u'aes128-cbc', u'3des-cbc', u'blowfish-cbc', u'cast128-cbc', u'aes192-cbc', u'aes256-cbc', u'arcfour', u'rijndael-cbc@lysator.liu.se'] server encrypt:[u'aes128-ctr', u'aes192-ctr', u'aes256-ctr', u'arcfour256', u'arcfour128', u'aes128-gcm@openssh.com', u'aes256-gcm@openssh.com', u'chacha20-poly1305@openssh.com', u'aes128-cbc', u'3des-cbc', u'blowfish-cbc', u'cast128-cbc', u'aes192-cbc', u'aes256-cbc', u'arcfour', u'rijndael-cbc@lysator.liu.se'] client mac:[u'hmac-md5-etm@openssh.com', u'hmac-sha1-etm@openssh.com', u'umac-64-etm@openssh.com', u'umac-128-etm@openssh.com', u'hmac-sha2-256-etm@openssh.com', u'hmac-sha2-512-etm@openssh.com', u'hmac-ripemd160-etm@openssh.com', u'hmac-sha1-96-etm@openssh.com', u'hmac-md5-96-etm@openssh.com', u'hmac-md5', u'hmac-sha1', u'umac-64@openssh.com', u'umac-128@openssh.com', u'hmac-sha2-256', u'hmac-sha2-256-96', u'hmac-sha2-512', u'hmac-sha2-512-96', u'hmac-ripemd160', u'hmac-ripemd160@openssh.com', u'hmac-sha1-96', u'hmac-md5-96'] server mac:[u'hmac-md5-etm@openssh.com', u'hmac-sha1-etm@openssh.com', u'umac-64-etm@openssh.com', u'umac-128-etm@openssh.com', u'hmac-sha2-256-etm@openssh.com', u'hmac-sha2-512-etm@openssh.com', u'hmac-ripemd160-etm@openssh.com', u'hmac-sha1-96-etm@openssh.com', u'hmac-md5-96-etm@openssh.com', u'hmac-md5', u'hmac-sha1', u'umac-64@openssh.com', u'umac-128@openssh.com', u'hmac-sha2-256', u'hmac-sha2-256-96', u'hmac-sha2-512', u'hmac-sha2-512-96', u'hmac-ripemd160', u'hmac-ripemd160@openssh.com', u'hmac-sha1-96', u'hmac-md5-96'] client compress:[u'none', u'zlib@openssh.com'] server compress:[u'none', u'zlib@openssh.com'] client lang:[u''] server lang:[u''] kex follows?False
2017-03-22 16:34:25,629 - paramiko.transport - DEBUG - Kex agreed: diffie-hellman-group1-sha1
2017-03-22 16:34:25,629 - paramiko.transport - DEBUG - Cipher agreed: aes128-ctr
2017-03-22 16:34:25,629 - paramiko.transport - DEBUG - MAC agreed: hmac-sha2-256
2017-03-22 16:34:25,629 - paramiko.transport - DEBUG - Compression agreed: none
2017-03-22 16:34:25,685 - paramiko.transport - DEBUG - Remote version/idstring: SSH-2.0-OpenSSH_6.6.1
2017-03-22 16:34:25,686 - paramiko.transport - INFO - Connected (version 2.0, client OpenSSH_6.6.1)
2017-03-22 16:34:25,796 - paramiko.transport - DEBUG - kex engine KexGroup1 specified hash_algo <built-in function openssl_sha1>
2017-03-22 16:34:25,798 - paramiko.transport - DEBUG - Switch to new keys ...
2017-03-22 16:34:25,818 - paramiko.transport - DEBUG - Adding ssh-rsa host key for 10.19.120.226: ab870eaf371e0e45978358da7164a064
2017-03-22 16:34:25,935 - paramiko.transport - DEBUG - kex algos:[u'curve25519-sha256@libssh.org', u'ecdh-sha2-nistp256', u'ecdh-sha2-nistp384', u'ecdh-sha2-nistp521', u'diffie-hellman-group-exchange-sha256', u'diffie-hellman-group-exchange-sha1', u'diffie-hellman-group14-sha1', u'diffie-hellman-group1-sha1'] server key:[u'ssh-rsa', u'ssh-dss', u'ecdsa-sha2-nistp256', u'ssh-ed25519'] client encrypt:[u'aes128-ctr', u'aes192-ctr', u'aes256-ctr', u'arcfour256', u'arcfour128', u'aes128-gcm@openssh.com', u'aes256-gcm@openssh.com', u'chacha20-poly1305@openssh.com', u'aes128-cbc', u'3des-cbc', u'blowfish-cbc', u'cast128-cbc', u'aes192-cbc', u'aes256-cbc', u'arcfour', u'rijndael-cbc@lysator.liu.se'] server encrypt:[u'aes128-ctr', u'aes192-ctr', u'aes256-ctr', u'arcfour256', u'arcfour128', u'aes128-gcm@openssh.com', u'aes256-gcm@openssh.com', u'chacha20-poly1305@openssh.com', u'aes128-cbc', u'3des-cbc', u'blowfish-cbc', u'cast128-cbc', u'aes192-cbc', u'aes256-cbc', u'arcfour', u'rijndael-cbc@lysator.liu.se'] client mac:[u'hmac-md5-etm@openssh.com', u'hmac-sha1-etm@openssh.com', u'umac-64-etm@openssh.com', u'umac-128-etm@openssh.com', u'hmac-sha2-256-etm@openssh.com', u'hmac-sha2-512-etm@openssh.com', u'hmac-ripemd160-etm@openssh.com', u'hmac-sha1-96-etm@openssh.com', u'hmac-md5-96-etm@openssh.com', u'hmac-md5', u'hmac-sha1', u'umac-64@openssh.com', u'umac-128@openssh.com', u'hmac-sha2-256', u'hmac-sha2-256-96', u'hmac-sha2-512', u'hmac-sha2-512-96', u'hmac-ripemd160', u'hmac-ripemd160@openssh.com', u'hmac-sha1-96', u'hmac-md5-96'] server mac:[u'hmac-md5-etm@openssh.com', u'hmac-sha1-etm@openssh.com', u'umac-64-etm@openssh.com', u'umac-128-etm@openssh.com', u'hmac-sha2-256-etm@openssh.com', u'hmac-sha2-512-etm@openssh.com', u'hmac-ripemd160-etm@openssh.com', u'hmac-sha1-96-etm@openssh.com', u'hmac-md5-96-etm@openssh.com', u'hmac-md5', u'hmac-sha1', u'umac-64@openssh.com', u'umac-128@openssh.com', u'hmac-sha2-256', u'hmac-sha2-256-96', u'hmac-sha2-512', u'hmac-sha2-512-96', u'hmac-ripemd160', u'hmac-ripemd160@openssh.com', u'hmac-sha1-96', u'hmac-md5-96'] client compress:[u'none', u'zlib@openssh.com'] server compress:[u'none', u'zlib@openssh.com'] client lang:[u''] server lang:[u''] kex follows?False
2017-03-22 16:34:25,935 - paramiko.transport - DEBUG - Kex agreed: diffie-hellman-group1-sha1
2017-03-22 16:34:25,936 - paramiko.transport - DEBUG - Cipher agreed: aes128-ctr
2017-03-22 16:34:25,936 - paramiko.transport - DEBUG - MAC agreed: hmac-sha2-256
2017-03-22 16:34:25,936 - paramiko.transport - DEBUG - Compression agreed: none
2017-03-22 16:34:26,199 - paramiko.transport - DEBUG - userauth is OK
2017-03-22 16:34:26,256 - paramiko.transport - DEBUG - kex engine KexGroup1 specified hash_algo <built-in function openssl_sha1>
2017-03-22 16:34:26,257 - paramiko.transport - DEBUG - Switch to new keys ...
2017-03-22 16:34:26,289 - paramiko.transport - DEBUG - Adding ssh-rsa host key for 10.19.122.62: 80746f1ad83e41ad8adf91ccc7b67c3b
2017-03-22 16:34:26,363 - paramiko.transport - INFO - Authentication (password) successful!
2017-03-22 16:34:26,391 - paramiko.transport - DEBUG - [chan 0] Max packet in: 32768 bytes
2017-03-22 16:34:26,542 - paramiko.transport - DEBUG - [chan 0] Max packet out: 32768 bytes
2017-03-22 16:34:26,542 - paramiko.transport - DEBUG - Secsh channel 0 opened.
2017-03-22 16:34:26,668 - paramiko.transport - DEBUG - userauth is OK
2017-03-22 16:34:26,712 - paramiko.transport - DEBUG - [chan 0] Sesch channel 0 request ok
2017-03-22 16:34:26,780 - paramiko.transport - DEBUG - [chan 0] EOF received (0)
2017-03-22 16:34:27,021 - paramiko.transport - INFO - Authentication (password) successful!
2017-03-22 16:34:27,027 - paramiko.transport - DEBUG - [chan 0] Max packet in: 32768 bytes
2017-03-22 16:34:27,187 - paramiko.transport - DEBUG - [chan 0] Max packet out: 32768 bytes
2017-03-22 16:34:27,187 - paramiko.transport - DEBUG - Secsh channel 0 opened.
2017-03-22 16:34:27,358 - paramiko.transport - DEBUG - [chan 0] Sesch channel 0 request ok
2017-03-22 16:34:28,416 - paramiko.transport - DEBUG - [chan 0] EOF received (0)
2017-03-22 16:34:28,422 - root - INFO - Retriving the information from devices : Process finished
2017-03-22 16:35:06,297 - root - INFO - Loading and Verifying Device List : Successful, loaded (2) hosts!
2017-03-22 16:35:06,319 - root - INFO - Connecting to: 10.19.120.226
2017-03-22 16:35:06,319 - root - INFO - Connecting to: 10.19.122.62
2017-03-22 16:35:06,502 - paramiko.transport - DEBUG - starting thread (client mode): 0xc326b90L
2017-03-22 16:35:06,503 - paramiko.transport - DEBUG - Local version/idstring: SSH-2.0-paramiko_2.1.1
2017-03-22 16:35:06,504 - paramiko.transport - DEBUG - starting thread (client mode): 0xc326c10L
2017-03-22 16:35:06,504 - paramiko.transport - DEBUG - Local version/idstring: SSH-2.0-paramiko_2.1.1
2017-03-22 16:35:06,675 - paramiko.transport - DEBUG - Remote version/idstring: SSH-2.0-OpenSSH_6.6.1
2017-03-22 16:35:06,675 - paramiko.transport - INFO - Connected (version 2.0, client OpenSSH_6.6.1)
2017-03-22 16:35:06,883 - paramiko.transport - DEBUG - Remote version/idstring: SSH-2.0-OpenSSH_6.6.1
2017-03-22 16:35:06,883 - paramiko.transport - INFO - Connected (version 2.0, client OpenSSH_6.6.1)
2017-03-22 16:35:06,928 - paramiko.transport - DEBUG - kex algos:[u'curve25519-sha256@libssh.org', u'ecdh-sha2-nistp256', u'ecdh-sha2-nistp384', u'ecdh-sha2-nistp521', u'diffie-hellman-group-exchange-sha256', u'diffie-hellman-group-exchange-sha1', u'diffie-hellman-group14-sha1', u'diffie-hellman-group1-sha1'] server key:[u'ssh-rsa', u'ssh-dss', u'ecdsa-sha2-nistp256', u'ssh-ed25519'] client encrypt:[u'aes128-ctr', u'aes192-ctr', u'aes256-ctr', u'arcfour256', u'arcfour128', u'aes128-gcm@openssh.com', u'aes256-gcm@openssh.com', u'chacha20-poly1305@openssh.com', u'aes128-cbc', u'3des-cbc', u'blowfish-cbc', u'cast128-cbc', u'aes192-cbc', u'aes256-cbc', u'arcfour', u'rijndael-cbc@lysator.liu.se'] server encrypt:[u'aes128-ctr', u'aes192-ctr', u'aes256-ctr', u'arcfour256', u'arcfour128', u'aes128-gcm@openssh.com', u'aes256-gcm@openssh.com', u'chacha20-poly1305@openssh.com', u'aes128-cbc', u'3des-cbc', u'blowfish-cbc', u'cast128-cbc', u'aes192-cbc', u'aes256-cbc', u'arcfour', u'rijndael-cbc@lysator.liu.se'] client mac:[u'hmac-md5-etm@openssh.com', u'hmac-sha1-etm@openssh.com', u'umac-64-etm@openssh.com', u'umac-128-etm@openssh.com', u'hmac-sha2-256-etm@openssh.com', u'hmac-sha2-512-etm@openssh.com', u'hmac-ripemd160-etm@openssh.com', u'hmac-sha1-96-etm@openssh.com', u'hmac-md5-96-etm@openssh.com', u'hmac-md5', u'hmac-sha1', u'umac-64@openssh.com', u'umac-128@openssh.com', u'hmac-sha2-256', u'hmac-sha2-256-96', u'hmac-sha2-512', u'hmac-sha2-512-96', u'hmac-ripemd160', u'hmac-ripemd160@openssh.com', u'hmac-sha1-96', u'hmac-md5-96'] server mac:[u'hmac-md5-etm@openssh.com', u'hmac-sha1-etm@openssh.com', u'umac-64-etm@openssh.com', u'umac-128-etm@openssh.com', u'hmac-sha2-256-etm@openssh.com', u'hmac-sha2-512-etm@openssh.com', u'hmac-ripemd160-etm@openssh.com', u'hmac-sha1-96-etm@openssh.com', u'hmac-md5-96-etm@openssh.com', u'hmac-md5', u'hmac-sha1', u'umac-64@openssh.com', u'umac-128@openssh.com', u'hmac-sha2-256', u'hmac-sha2-256-96', u'hmac-sha2-512', u'hmac-sha2-512-96', u'hmac-ripemd160', u'hmac-ripemd160@openssh.com', u'hmac-sha1-96', u'hmac-md5-96'] client compress:[u'none', u'zlib@openssh.com'] server compress:[u'none', u'zlib@openssh.com'] client lang:[u''] server lang:[u''] kex follows?False
2017-03-22 16:35:06,929 - paramiko.transport - DEBUG - Kex agreed: diffie-hellman-group1-sha1
2017-03-22 16:35:06,929 - paramiko.transport - DEBUG - Cipher agreed: aes128-ctr
2017-03-22 16:35:06,929 - paramiko.transport - DEBUG - MAC agreed: hmac-sha2-256
2017-03-22 16:35:06,929 - paramiko.transport - DEBUG - Compression agreed: none
2017-03-22 16:35:07,098 - paramiko.transport - DEBUG - kex engine KexGroup1 specified hash_algo <built-in function openssl_sha1>
2017-03-22 16:35:07,100 - paramiko.transport - DEBUG - Switch to new keys ...
2017-03-22 16:35:07,109 - paramiko.transport - DEBUG - Adding ssh-rsa host key for 10.19.120.226: ab870eaf371e0e45978358da7164a064
2017-03-22 16:35:07,132 - paramiko.transport - DEBUG - kex algos:[u'curve25519-sha256@libssh.org', u'ecdh-sha2-nistp256', u'ecdh-sha2-nistp384', u'ecdh-sha2-nistp521', u'diffie-hellman-group-exchange-sha256', u'diffie-hellman-group-exchange-sha1', u'diffie-hellman-group14-sha1', u'diffie-hellman-group1-sha1'] server key:[u'ssh-rsa', u'ssh-dss', u'ecdsa-sha2-nistp256', u'ssh-ed25519'] client encrypt:[u'aes128-ctr', u'aes192-ctr', u'aes256-ctr', u'arcfour256', u'arcfour128', u'aes128-gcm@openssh.com', u'aes256-gcm@openssh.com', u'chacha20-poly1305@openssh.com', u'aes128-cbc', u'3des-cbc', u'blowfish-cbc', u'cast128-cbc', u'aes192-cbc', u'aes256-cbc', u'arcfour', u'rijndael-cbc@lysator.liu.se'] server encrypt:[u'aes128-ctr', u'aes192-ctr', u'aes256-ctr', u'arcfour256', u'arcfour128', u'aes128-gcm@openssh.com', u'aes256-gcm@openssh.com', u'chacha20-poly1305@openssh.com', u'aes128-cbc', u'3des-cbc', u'blowfish-cbc', u'cast128-cbc', u'aes192-cbc', u'aes256-cbc', u'arcfour', u'rijndael-cbc@lysator.liu.se'] client mac:[u'hmac-md5-etm@openssh.com', u'hmac-sha1-etm@openssh.com', u'umac-64-etm@openssh.com', u'umac-128-etm@openssh.com', u'hmac-sha2-256-etm@openssh.com', u'hmac-sha2-512-etm@openssh.com', u'hmac-ripemd160-etm@openssh.com', u'hmac-sha1-96-etm@openssh.com', u'hmac-md5-96-etm@openssh.com', u'hmac-md5', u'hmac-sha1', u'umac-64@openssh.com', u'umac-128@openssh.com', u'hmac-sha2-256', u'hmac-sha2-256-96', u'hmac-sha2-512', u'hmac-sha2-512-96', u'hmac-ripemd160', u'hmac-ripemd160@openssh.com', u'hmac-sha1-96', u'hmac-md5-96'] server mac:[u'hmac-md5-etm@openssh.com', u'hmac-sha1-etm@openssh.com', u'umac-64-etm@openssh.com', u'umac-128-etm@openssh.com', u'hmac-sha2-256-etm@openssh.com', u'hmac-sha2-512-etm@openssh.com', u'hmac-ripemd160-etm@openssh.com', u'hmac-sha1-96-etm@openssh.com', u'hmac-md5-96-etm@openssh.com', u'hmac-md5', u'hmac-sha1', u'umac-64@openssh.com', u'umac-128@openssh.com', u'hmac-sha2-256', u'hmac-sha2-256-96', u'hmac-sha2-512', u'hmac-sha2-512-96', u'hmac-ripemd160', u'hmac-ripemd160@openssh.com', u'hmac-sha1-96', u'hmac-md5-96'] client compress:[u'none', u'zlib@openssh.com'] server compress:[u'none', u'zlib@openssh.com'] client lang:[u''] server lang:[u''] kex follows?False
2017-03-22 16:35:07,133 - paramiko.transport - DEBUG - Kex agreed: diffie-hellman-group1-sha1
2017-03-22 16:35:07,133 - paramiko.transport - DEBUG - Cipher agreed: aes128-ctr
2017-03-22 16:35:07,133 - paramiko.transport - DEBUG - MAC agreed: hmac-sha2-256
2017-03-22 16:35:07,133 - paramiko.transport - DEBUG - Compression agreed: none
2017-03-22 16:35:07,569 - paramiko.transport - DEBUG - kex engine KexGroup1 specified hash_algo <built-in function openssl_sha1>
2017-03-22 16:35:07,570 - paramiko.transport - DEBUG - Switch to new keys ...
2017-03-22 16:35:07,580 - paramiko.transport - DEBUG - Adding ssh-rsa host key for 10.19.122.62: 80746f1ad83e41ad8adf91ccc7b67c3b
2017-03-22 16:35:07,726 - paramiko.transport - DEBUG - userauth is OK
2017-03-22 16:35:07,896 - paramiko.transport - INFO - Authentication (password) successful!
2017-03-22 16:35:07,917 - paramiko.transport - DEBUG - [chan 0] Max packet in: 32768 bytes
2017-03-22 16:35:07,970 - paramiko.transport - DEBUG - userauth is OK
2017-03-22 16:35:08,067 - paramiko.transport - DEBUG - [chan 0] Max packet out: 32768 bytes
2017-03-22 16:35:08,068 - paramiko.transport - DEBUG - Secsh channel 0 opened.
2017-03-22 16:35:08,235 - paramiko.transport - DEBUG - [chan 0] Sesch channel 0 request ok
2017-03-22 16:35:08,297 - paramiko.transport - DEBUG - [chan 0] EOF received (0)
2017-03-22 16:35:08,298 - paramiko.transport - DEBUG - [chan 0] EOF sent (0)
2017-03-22 16:35:08,299 - root - INFO - Loaded list of commands [10.19.120.226]
2017-03-22 16:35:08,300 - paramiko.transport - DEBUG - [chan 1] Max packet in: 32768 bytes
2017-03-22 16:35:08,317 - paramiko.transport - INFO - Authentication (password) successful!
2017-03-22 16:35:08,322 - paramiko.transport - DEBUG - [chan 0] Max packet in: 32768 bytes
2017-03-22 16:35:08,475 - paramiko.transport - DEBUG - [chan 0] Max packet out: 32768 bytes
2017-03-22 16:35:08,475 - paramiko.transport - DEBUG - Secsh channel 0 opened.
2017-03-22 16:35:08,651 - paramiko.transport - DEBUG - [chan 0] Sesch channel 0 request ok
2017-03-22 16:35:08,708 - paramiko.transport - DEBUG - [chan 1] Max packet out: 32768 bytes
2017-03-22 16:35:08,708 - paramiko.transport - DEBUG - Secsh channel 1 opened.
2017-03-22 16:35:08,862 - paramiko.transport - DEBUG - [chan 1] Sesch channel 1 request ok
2017-03-22 16:35:09,021 - paramiko.transport - DEBUG - [chan 1] EOF received (1)
2017-03-22 16:35:09,021 - paramiko.transport - DEBUG - [chan 2] Max packet in: 32768 bytes
2017-03-22 16:35:09,022 - paramiko.transport - DEBUG - [chan 1] EOF sent (1)
2017-03-22 16:35:09,173 - paramiko.transport - DEBUG - [chan 2] Max packet out: 32768 bytes
2017-03-22 16:35:09,173 - paramiko.transport - DEBUG - Secsh channel 2 opened.
2017-03-22 16:35:09,750 - paramiko.transport - DEBUG - [chan 0] EOF received (0)
2017-03-22 16:35:09,751 - root - ERROR - The device was not recognized!
2017-03-22 16:35:09,751 - paramiko.transport - DEBUG - [chan 0] EOF sent (0)
2017-03-22 16:35:09,752 - paramiko.transport - DEBUG - Dropping user packet because connection is dead.
2017-03-22 16:35:09,752 - paramiko.transport - DEBUG - Dropping user packet because connection is dead.
2017-03-22 16:35:09,898 - paramiko.transport - DEBUG - [chan 2] Sesch channel 2 request ok
2017-03-22 16:35:09,967 - paramiko.transport - DEBUG - [chan 2] EOF received (2)
2017-03-22 16:35:09,967 - paramiko.transport - DEBUG - [chan 3] Max packet in: 32768 bytes
2017-03-22 16:35:09,968 - paramiko.transport - DEBUG - [chan 2] EOF sent (2)
2017-03-22 16:35:10,118 - paramiko.transport - DEBUG - [chan 3] Max packet out: 32768 bytes
2017-03-22 16:35:10,119 - paramiko.transport - DEBUG - Secsh channel 3 opened.
2017-03-22 16:35:11,428 - paramiko.transport - DEBUG - [chan 3] Sesch channel 3 request ok
2017-03-22 16:35:11,505 - paramiko.transport - DEBUG - [chan 3] EOF received (3)
2017-03-22 16:35:11,506 - paramiko.transport - DEBUG - [chan 4] Max packet in: 32768 bytes
2017-03-22 16:35:11,506 - paramiko.transport - DEBUG - [chan 3] EOF sent (3)
2017-03-22 16:35:11,658 - paramiko.transport - DEBUG - [chan 4] Max packet out: 32768 bytes
2017-03-22 16:35:11,658 - paramiko.transport - DEBUG - Secsh channel 4 opened.
2017-03-22 16:35:12,978 - paramiko.transport - DEBUG - [chan 4] Sesch channel 4 request ok
2017-03-22 16:35:13,029 - paramiko.transport - DEBUG - [chan 4] EOF received (4)
2017-03-22 16:35:13,030 - paramiko.transport - DEBUG - [chan 5] Max packet in: 32768 bytes
2017-03-22 16:35:13,031 - paramiko.transport - DEBUG - [chan 4] EOF sent (4)
2017-03-22 16:35:13,181 - paramiko.transport - DEBUG - [chan 5] Max packet out: 32768 bytes
2017-03-22 16:35:13,181 - paramiko.transport - DEBUG - Secsh channel 5 opened.
2017-03-22 16:35:13,585 - paramiko.transport - DEBUG - [chan 5] Sesch channel 5 request ok
2017-03-22 16:35:13,637 - paramiko.transport - DEBUG - [chan 5] EOF received (5)
2017-03-22 16:35:13,638 - paramiko.transport - DEBUG - [chan 6] Max packet in: 32768 bytes
2017-03-22 16:35:13,639 - paramiko.transport - DEBUG - [chan 5] EOF sent (5)
2017-03-22 16:35:13,789 - paramiko.transport - DEBUG - [chan 6] Max packet out: 32768 bytes
2017-03-22 16:35:13,789 - paramiko.transport - DEBUG - Secsh channel 6 opened.
2017-03-22 16:35:14,196 - paramiko.transport - DEBUG - [chan 6] Sesch channel 6 request ok
2017-03-22 16:35:20,769 - paramiko.transport - DEBUG - [chan 6] EOF received (6)
2017-03-22 16:35:20,772 - paramiko.transport - DEBUG - [chan 7] Max packet in: 32768 bytes
2017-03-22 16:35:20,773 - paramiko.transport - DEBUG - [chan 6] EOF sent (6)
2017-03-22 16:35:20,924 - paramiko.transport - DEBUG - [chan 7] Max packet out: 32768 bytes
2017-03-22 16:35:20,924 - paramiko.transport - DEBUG - Secsh channel 7 opened.
2017-03-22 16:35:21,666 - paramiko.transport - DEBUG - [chan 7] Sesch channel 7 request ok
2017-03-22 16:35:21,673 - paramiko.transport - DEBUG - EOF in transport thread
2017-03-22 16:35:21,681 - root - ERROR - No output was received from the devices.
2017-03-22 16:51:04,896 - root - INFO - Loading and Verifying Device List : Successful, loaded (2) hosts!
2017-03-22 16:51:04,916 - root - INFO - Connecting to: 10.19.120.226
2017-03-22 16:51:04,916 - root - INFO - Connecting to: 10.19.122.62
2017-03-22 16:51:05,098 - paramiko.transport - DEBUG - starting thread (client mode): 0x9d76b10L
2017-03-22 16:51:05,099 - paramiko.transport - DEBUG - Local version/idstring: SSH-2.0-paramiko_2.1.1
2017-03-22 16:51:05,101 - paramiko.transport - DEBUG - starting thread (client mode): 0x9d76b90L
2017-03-22 16:51:05,102 - paramiko.transport - DEBUG - Local version/idstring: SSH-2.0-paramiko_2.1.1
2017-03-22 16:51:05,261 - paramiko.transport - DEBUG - Remote version/idstring: SSH-2.0-OpenSSH_6.6.1
2017-03-22 16:51:05,261 - paramiko.transport - INFO - Connected (version 2.0, client OpenSSH_6.6.1)
2017-03-22 16:51:05,412 - paramiko.transport - DEBUG - kex algos:[u'curve25519-sha256@libssh.org', u'ecdh-sha2-nistp256', u'ecdh-sha2-nistp384', u'ecdh-sha2-nistp521', u'diffie-hellman-group-exchange-sha256', u'diffie-hellman-group-exchange-sha1', u'diffie-hellman-group14-sha1', u'diffie-hellman-group1-sha1'] server key:[u'ssh-rsa', u'ssh-dss', u'ecdsa-sha2-nistp256', u'ssh-ed25519'] client encrypt:[u'aes128-ctr', u'aes192-ctr', u'aes256-ctr', u'arcfour256', u'arcfour128', u'aes128-gcm@openssh.com', u'aes256-gcm@openssh.com', u'chacha20-poly1305@openssh.com', u'aes128-cbc', u'3des-cbc', u'blowfish-cbc', u'cast128-cbc', u'aes192-cbc', u'aes256-cbc', u'arcfour', u'rijndael-cbc@lysator.liu.se'] server encrypt:[u'aes128-ctr', u'aes192-ctr', u'aes256-ctr', u'arcfour256', u'arcfour128', u'aes128-gcm@openssh.com', u'aes256-gcm@openssh.com', u'chacha20-poly1305@openssh.com', u'aes128-cbc', u'3des-cbc', u'blowfish-cbc', u'cast128-cbc', u'aes192-cbc', u'aes256-cbc', u'arcfour', u'rijndael-cbc@lysator.liu.se'] client mac:[u'hmac-md5-etm@openssh.com', u'hmac-sha1-etm@openssh.com', u'umac-64-etm@openssh.com', u'umac-128-etm@openssh.com', u'hmac-sha2-256-etm@openssh.com', u'hmac-sha2-512-etm@openssh.com', u'hmac-ripemd160-etm@openssh.com', u'hmac-sha1-96-etm@openssh.com', u'hmac-md5-96-etm@openssh.com', u'hmac-md5', u'hmac-sha1', u'umac-64@openssh.com', u'umac-128@openssh.com', u'hmac-sha2-256', u'hmac-sha2-256-96', u'hmac-sha2-512', u'hmac-sha2-512-96', u'hmac-ripemd160', u'hmac-ripemd160@openssh.com', u'hmac-sha1-96', u'hmac-md5-96'] server mac:[u'hmac-md5-etm@openssh.com', u'hmac-sha1-etm@openssh.com', u'umac-64-etm@openssh.com', u'umac-128-etm@openssh.com', u'hmac-sha2-256-etm@openssh.com', u'hmac-sha2-512-etm@openssh.com', u'hmac-ripemd160-etm@openssh.com', u'hmac-sha1-96-etm@openssh.com', u'hmac-md5-96-etm@openssh.com', u'hmac-md5', u'hmac-sha1', u'umac-64@openssh.com', u'umac-128@openssh.com', u'hmac-sha2-256', u'hmac-sha2-256-96', u'hmac-sha2-512', u'hmac-sha2-512-96', u'hmac-ripemd160', u'hmac-ripemd160@openssh.com', u'hmac-sha1-96', u'hmac-md5-96'] client compress:[u'none', u'zlib@openssh.com'] server compress:[u'none', u'zlib@openssh.com'] client lang:[u''] server lang:[u''] kex follows?False
2017-03-22 16:51:05,412 - paramiko.transport - DEBUG - Kex agreed: diffie-hellman-group1-sha1
2017-03-22 16:51:05,413 - paramiko.transport - DEBUG - Cipher agreed: aes128-ctr
2017-03-22 16:51:05,413 - paramiko.transport - DEBUG - MAC agreed: hmac-sha2-256
2017-03-22 16:51:05,413 - paramiko.transport - DEBUG - Compression agreed: none
2017-03-22 16:51:05,494 - paramiko.transport - DEBUG - Remote version/idstring: SSH-2.0-OpenSSH_6.6.1
2017-03-22 16:51:05,494 - paramiko.transport - INFO - Connected (version 2.0, client OpenSSH_6.6.1)
2017-03-22 16:51:05,581 - paramiko.transport - DEBUG - kex engine KexGroup1 specified hash_algo <built-in function openssl_sha1>
2017-03-22 16:51:05,582 - paramiko.transport - DEBUG - Switch to new keys ...
2017-03-22 16:51:05,603 - paramiko.transport - DEBUG - Adding ssh-rsa host key for 10.19.120.226: ab870eaf371e0e45978358da7164a064
2017-03-22 16:51:05,743 - paramiko.transport - DEBUG - kex algos:[u'curve25519-sha256@libssh.org', u'ecdh-sha2-nistp256', u'ecdh-sha2-nistp384', u'ecdh-sha2-nistp521', u'diffie-hellman-group-exchange-sha256', u'diffie-hellman-group-exchange-sha1', u'diffie-hellman-group14-sha1', u'diffie-hellman-group1-sha1'] server key:[u'ssh-rsa', u'ssh-dss', u'ecdsa-sha2-nistp256', u'ssh-ed25519'] client encrypt:[u'aes128-ctr', u'aes192-ctr', u'aes256-ctr', u'arcfour256', u'arcfour128', u'aes128-gcm@openssh.com', u'aes256-gcm@openssh.com', u'chacha20-poly1305@openssh.com', u'aes128-cbc', u'3des-cbc', u'blowfish-cbc', u'cast128-cbc', u'aes192-cbc', u'aes256-cbc', u'arcfour', u'rijndael-cbc@lysator.liu.se'] server encrypt:[u'aes128-ctr', u'aes192-ctr', u'aes256-ctr', u'arcfour256', u'arcfour128', u'aes128-gcm@openssh.com', u'aes256-gcm@openssh.com', u'chacha20-poly1305@openssh.com', u'aes128-cbc', u'3des-cbc', u'blowfish-cbc', u'cast128-cbc', u'aes192-cbc', u'aes256-cbc', u'arcfour', u'rijndael-cbc@lysator.liu.se'] client mac:[u'hmac-md5-etm@openssh.com', u'hmac-sha1-etm@openssh.com', u'umac-64-etm@openssh.com', u'umac-128-etm@openssh.com', u'hmac-sha2-256-etm@openssh.com', u'hmac-sha2-512-etm@openssh.com', u'hmac-ripemd160-etm@openssh.com', u'hmac-sha1-96-etm@openssh.com', u'hmac-md5-96-etm@openssh.com', u'hmac-md5', u'hmac-sha1', u'umac-64@openssh.com', u'umac-128@openssh.com', u'hmac-sha2-256', u'hmac-sha2-256-96', u'hmac-sha2-512', u'hmac-sha2-512-96', u'hmac-ripemd160', u'hmac-ripemd160@openssh.com', u'hmac-sha1-96', u'hmac-md5-96'] server mac:[u'hmac-md5-etm@openssh.com', u'hmac-sha1-etm@openssh.com', u'umac-64-etm@openssh.com', u'umac-128-etm@openssh.com', u'hmac-sha2-256-etm@openssh.com', u'hmac-sha2-512-etm@openssh.com', u'hmac-ripemd160-etm@openssh.com', u'hmac-sha1-96-etm@openssh.com', u'hmac-md5-96-etm@openssh.com', u'hmac-md5', u'hmac-sha1', u'umac-64@openssh.com', u'umac-128@openssh.com', u'hmac-sha2-256', u'hmac-sha2-256-96', u'hmac-sha2-512', u'hmac-sha2-512-96', u'hmac-ripemd160', u'hmac-ripemd160@openssh.com', u'hmac-sha1-96', u'hmac-md5-96'] client compress:[u'none', u'zlib@openssh.com'] server compress:[u'none', u'zlib@openssh.com'] client lang:[u''] server lang:[u''] kex follows?False
2017-03-22 16:51:05,743 - paramiko.transport - DEBUG - Kex agreed: diffie-hellman-group1-sha1
2017-03-22 16:51:05,743 - paramiko.transport - DEBUG - Cipher agreed: aes128-ctr
2017-03-22 16:51:05,744 - paramiko.transport - DEBUG - MAC agreed: hmac-sha2-256
2017-03-22 16:51:05,744 - paramiko.transport - DEBUG - Compression agreed: none
2017-03-22 16:51:05,988 - paramiko.transport - DEBUG - userauth is OK
2017-03-22 16:51:06,066 - paramiko.transport - DEBUG - kex engine KexGroup1 specified hash_algo <built-in function openssl_sha1>
2017-03-22 16:51:06,066 - paramiko.transport - DEBUG - Switch to new keys ...
2017-03-22 16:51:06,075 - paramiko.transport - DEBUG - Adding ssh-rsa host key for 10.19.122.62: 80746f1ad83e41ad8adf91ccc7b67c3b
2017-03-22 16:51:06,157 - paramiko.transport - INFO - Authentication (password) successful!
2017-03-22 16:51:06,178 - paramiko.transport - DEBUG - [chan 0] Max packet in: 32768 bytes
2017-03-22 16:51:06,329 - paramiko.transport - DEBUG - [chan 0] Max packet out: 32768 bytes
2017-03-22 16:51:06,329 - paramiko.transport - DEBUG - Secsh channel 0 opened.
2017-03-22 16:51:06,466 - paramiko.transport - DEBUG - userauth is OK
2017-03-22 16:51:06,499 - paramiko.transport - DEBUG - [chan 0] Sesch channel 0 request ok
2017-03-22 16:51:06,566 - paramiko.transport - DEBUG - [chan 0] EOF received (0)
2017-03-22 16:51:06,567 - paramiko.transport - DEBUG - [chan 0] EOF sent (0)
2017-03-22 16:51:06,568 - root - INFO - Loaded list of commands [10.19.120.226]
2017-03-22 16:51:06,569 - paramiko.transport - DEBUG - [chan 1] Max packet in: 32768 bytes
2017-03-22 16:51:06,816 - paramiko.transport - INFO - Authentication (password) successful!
2017-03-22 16:51:06,849 - paramiko.transport - DEBUG - [chan 0] Max packet in: 32768 bytes
2017-03-22 16:51:06,970 - paramiko.transport - DEBUG - [chan 1] Max packet out: 32768 bytes
2017-03-22 16:51:06,970 - paramiko.transport - DEBUG - Secsh channel 1 opened.
2017-03-22 16:51:07,010 - paramiko.transport - DEBUG - [chan 0] Max packet out: 32768 bytes
2017-03-22 16:51:07,010 - paramiko.transport - DEBUG - Secsh channel 0 opened.
2017-03-22 16:51:07,125 - paramiko.transport - DEBUG - [chan 1] Sesch channel 1 request ok
2017-03-22 16:51:07,194 - paramiko.transport - DEBUG - [chan 0] Sesch channel 0 request ok
2017-03-22 16:51:07,319 - paramiko.transport - DEBUG - [chan 1] EOF received (1)
2017-03-22 16:51:07,320 - paramiko.transport - DEBUG - [chan 2] Max packet in: 32768 bytes
2017-03-22 16:51:07,320 - paramiko.transport - DEBUG - [chan 1] EOF sent (1)
2017-03-22 16:51:07,480 - paramiko.transport - DEBUG - [chan 2] Max packet out: 32768 bytes
2017-03-22 16:51:07,480 - paramiko.transport - DEBUG - Secsh channel 2 opened.
2017-03-22 16:51:08,111 - paramiko.transport - DEBUG - [chan 0] EOF received (0)
2017-03-22 16:51:08,112 - paramiko.transport - DEBUG - [chan 0] EOF sent (0)
2017-03-22 16:51:08,113 - root - INFO - Loaded list of commands [10.19.122.62]
2017-03-22 16:51:08,114 - paramiko.transport - DEBUG - [chan 1] Max packet in: 32768 bytes
2017-03-22 16:51:08,122 - paramiko.transport - DEBUG - [chan 2] Sesch channel 2 request ok
2017-03-22 16:51:08,186 - paramiko.transport - DEBUG - [chan 2] EOF received (2)
2017-03-22 16:51:08,186 - paramiko.transport - DEBUG - [chan 3] Max packet in: 32768 bytes
2017-03-22 16:51:08,187 - paramiko.transport - DEBUG - [chan 2] EOF sent (2)
2017-03-22 16:51:08,343 - paramiko.transport - DEBUG - [chan 3] Max packet out: 32768 bytes
2017-03-22 16:51:08,343 - paramiko.transport - DEBUG - Secsh channel 3 opened.
2017-03-22 16:51:08,527 - paramiko.transport - DEBUG - [chan 1] Max packet out: 32768 bytes
2017-03-22 16:51:08,528 - paramiko.transport - DEBUG - Secsh channel 1 opened.
2017-03-22 16:51:08,707 - paramiko.transport - DEBUG - [chan 1] Sesch channel 1 request ok
2017-03-22 16:51:08,755 - paramiko.transport - DEBUG - [chan 3] Sesch channel 3 request ok
2017-03-22 16:51:08,838 - paramiko.transport - DEBUG - [chan 3] EOF received (3)
2017-03-22 16:51:08,838 - paramiko.transport - DEBUG - [chan 4] Max packet in: 32768 bytes
2017-03-22 16:51:08,839 - paramiko.transport - DEBUG - [chan 3] EOF sent (3)
2017-03-22 16:51:08,991 - paramiko.transport - DEBUG - [chan 4] Max packet out: 32768 bytes
2017-03-22 16:51:08,991 - paramiko.transport - DEBUG - Secsh channel 4 opened.
2017-03-22 16:51:09,743 - paramiko.transport - DEBUG - [chan 4] Sesch channel 4 request ok
2017-03-22 16:51:09,743 - paramiko.transport - DEBUG - [chan 1] EOF received (1)
2017-03-22 16:51:09,743 - paramiko.transport - DEBUG - [chan 2] Max packet in: 32768 bytes
2017-03-22 16:51:09,744 - paramiko.transport - DEBUG - [chan 1] EOF sent (1)
2017-03-22 16:51:09,806 - paramiko.transport - DEBUG - [chan 4] EOF received (4)
2017-03-22 16:51:09,806 - paramiko.transport - DEBUG - [chan 5] Max packet in: 32768 bytes
2017-03-22 16:51:09,807 - paramiko.transport - DEBUG - [chan 4] EOF sent (4)
2017-03-22 16:51:09,901 - paramiko.transport - DEBUG - [chan 2] Max packet out: 32768 bytes
2017-03-22 16:51:09,902 - paramiko.transport - DEBUG - Secsh channel 2 opened.
2017-03-22 16:51:09,959 - paramiko.transport - DEBUG - [chan 5] Max packet out: 32768 bytes
2017-03-22 16:51:09,959 - paramiko.transport - DEBUG - Secsh channel 5 opened.
2017-03-22 16:51:10,318 - paramiko.transport - DEBUG - [chan 2] Sesch channel 2 request ok
2017-03-22 16:51:10,368 - paramiko.transport - DEBUG - [chan 5] Sesch channel 5 request ok
2017-03-22 16:51:10,430 - paramiko.transport - DEBUG - [chan 5] EOF received (5)
2017-03-22 16:51:10,430 - paramiko.transport - DEBUG - [chan 6] Max packet in: 32768 bytes
2017-03-22 16:51:10,431 - paramiko.transport - DEBUG - [chan 5] EOF sent (5)
2017-03-22 16:51:10,584 - paramiko.transport - DEBUG - [chan 6] Max packet out: 32768 bytes
2017-03-22 16:51:10,584 - paramiko.transport - DEBUG - Secsh channel 6 opened.
2017-03-22 16:51:10,991 - paramiko.transport - DEBUG - [chan 6] Sesch channel 6 request ok
2017-03-22 16:51:11,580 - paramiko.transport - DEBUG - [chan 2] EOF received (2)
2017-03-22 16:51:11,581 - paramiko.transport - DEBUG - [chan 3] Max packet in: 32768 bytes
2017-03-22 16:51:11,581 - paramiko.transport - DEBUG - [chan 2] EOF sent (2)
2017-03-22 16:51:11,740 - paramiko.transport - DEBUG - [chan 3] Max packet out: 32768 bytes
2017-03-22 16:51:11,740 - paramiko.transport - DEBUG - Secsh channel 3 opened.
2017-03-22 16:51:12,152 - paramiko.transport - DEBUG - [chan 3] Sesch channel 3 request ok
2017-03-22 16:51:13,265 - paramiko.transport - DEBUG - [chan 3] EOF received (3)
2017-03-22 16:51:13,266 - paramiko.transport - DEBUG - [chan 4] Max packet in: 32768 bytes
2017-03-22 16:51:13,267 - paramiko.transport - DEBUG - [chan 3] EOF sent (3)
2017-03-22 16:51:13,426 - paramiko.transport - DEBUG - [chan 4] Max packet out: 32768 bytes
2017-03-22 16:51:13,426 - paramiko.transport - DEBUG - Secsh channel 4 opened.
2017-03-22 16:51:13,440 - paramiko.transport - DEBUG - [chan 6] EOF received (6)
2017-03-22 16:51:13,442 - paramiko.transport - DEBUG - [chan 7] Max packet in: 32768 bytes
2017-03-22 16:51:13,442 - paramiko.transport - DEBUG - [chan 6] EOF sent (6)
2017-03-22 16:51:13,600 - paramiko.transport - DEBUG - [chan 7] Max packet out: 32768 bytes
2017-03-22 16:51:13,600 - paramiko.transport - DEBUG - Secsh channel 7 opened.
2017-03-22 16:51:13,863 - paramiko.transport - DEBUG - [chan 4] Sesch channel 4 request ok
2017-03-22 16:51:14,005 - paramiko.transport - DEBUG - [chan 7] Sesch channel 7 request ok
2017-03-22 16:51:14,012 - paramiko.transport - DEBUG - EOF in transport thread
2017-03-22 16:51:15,723 - paramiko.transport - DEBUG - [chan 4] EOF received (4)
2017-03-22 16:51:15,724 - paramiko.transport - DEBUG - [chan 5] Max packet in: 32768 bytes
2017-03-22 16:51:15,724 - paramiko.transport - DEBUG - [chan 4] EOF sent (4)
2017-03-22 16:51:15,881 - paramiko.transport - DEBUG - [chan 5] Max packet out: 32768 bytes
2017-03-22 16:51:15,881 - paramiko.transport - DEBUG - Secsh channel 5 opened.
2017-03-22 16:51:16,582 - paramiko.transport - DEBUG - [chan 5] Sesch channel 5 request ok
2017-03-22 16:51:17,541 - paramiko.transport - DEBUG - [chan 5] EOF received (5)
2017-03-22 16:51:17,541 - paramiko.transport - DEBUG - [chan 6] Max packet in: 32768 bytes
2017-03-22 16:51:17,542 - paramiko.transport - DEBUG - [chan 5] EOF sent (5)
2017-03-22 16:51:17,698 - paramiko.transport - DEBUG - [chan 6] Max packet out: 32768 bytes
2017-03-22 16:51:17,698 - paramiko.transport - DEBUG - Secsh channel 6 opened.
2017-03-22 16:51:18,114 - paramiko.transport - DEBUG - [chan 6] Sesch channel 6 request ok
2017-03-22 16:51:21,611 - paramiko.transport - DEBUG - [chan 6] EOF received (6)
2017-03-22 16:51:21,611 - paramiko.transport - DEBUG - [chan 7] Max packet in: 32768 bytes
2017-03-22 16:51:21,759 - paramiko.transport - DEBUG - [chan 6] EOF sent (6)
2017-03-22 16:51:21,769 - paramiko.transport - DEBUG - [chan 7] Max packet out: 32768 bytes
2017-03-22 16:51:21,769 - paramiko.transport - DEBUG - Secsh channel 7 opened.
2017-03-22 16:51:22,594 - paramiko.transport - DEBUG - [chan 7] Sesch channel 7 request ok
2017-03-22 16:52:09,441 - paramiko.transport - DEBUG - [chan 7] EOF received (7)
2017-03-22 16:52:09,445 - paramiko.transport - DEBUG - [chan 8] Max packet in: 32768 bytes
2017-03-22 16:52:09,446 - paramiko.transport - DEBUG - [chan 7] EOF sent (7)
2017-03-22 16:52:09,606 - paramiko.transport - DEBUG - [chan 8] Max packet out: 32768 bytes
2017-03-22 16:52:09,607 - paramiko.transport - DEBUG - Secsh channel 8 opened.
2017-03-22 16:52:10,233 - paramiko.transport - DEBUG - [chan 8] Sesch channel 8 request ok
2017-03-22 16:52:10,337 - paramiko.transport - DEBUG - EOF in transport thread
2017-03-22 16:52:10,378 - root - INFO - Retriving the information from devices : Process finished
2017-03-22 16:56:17,391 - root - INFO - Loading and Verifying Device List : Successful, loaded (2) hosts!
2017-03-22 16:56:17,408 - root - INFO - Connecting to: 10.19.120.226
2017-03-22 16:56:17,408 - root - INFO - Connecting to: 10.19.122.62
2017-03-22 16:56:17,581 - paramiko.transport - DEBUG - starting thread (client mode): 0x6604f50L
2017-03-22 16:56:17,582 - paramiko.transport - DEBUG - Local version/idstring: SSH-2.0-paramiko_2.1.1
2017-03-22 16:56:17,583 - paramiko.transport - DEBUG - starting thread (client mode): 0x6604f90L
2017-03-22 16:56:17,584 - paramiko.transport - DEBUG - Local version/idstring: SSH-2.0-paramiko_2.1.1
2017-03-22 16:56:17,747 - paramiko.transport - DEBUG - Remote version/idstring: SSH-2.0-OpenSSH_6.6.1
2017-03-22 16:56:17,747 - paramiko.transport - INFO - Connected (version 2.0, client OpenSSH_6.6.1)
2017-03-22 16:56:17,913 - paramiko.transport - DEBUG - kex algos:[u'curve25519-sha256@libssh.org', u'ecdh-sha2-nistp256', u'ecdh-sha2-nistp384', u'ecdh-sha2-nistp521', u'diffie-hellman-group-exchange-sha256', u'diffie-hellman-group-exchange-sha1', u'diffie-hellman-group14-sha1', u'diffie-hellman-group1-sha1'] server key:[u'ssh-rsa', u'ssh-dss', u'ecdsa-sha2-nistp256', u'ssh-ed25519'] client encrypt:[u'aes128-ctr', u'aes192-ctr', u'aes256-ctr', u'arcfour256', u'arcfour128', u'aes128-gcm@openssh.com', u'aes256-gcm@openssh.com', u'chacha20-poly1305@openssh.com', u'aes128-cbc', u'3des-cbc', u'blowfish-cbc', u'cast128-cbc', u'aes192-cbc', u'aes256-cbc', u'arcfour', u'rijndael-cbc@lysator.liu.se'] server encrypt:[u'aes128-ctr', u'aes192-ctr', u'aes256-ctr', u'arcfour256', u'arcfour128', u'aes128-gcm@openssh.com', u'aes256-gcm@openssh.com', u'chacha20-poly1305@openssh.com', u'aes128-cbc', u'3des-cbc', u'blowfish-cbc', u'cast128-cbc', u'aes192-cbc', u'aes256-cbc', u'arcfour', u'rijndael-cbc@lysator.liu.se'] client mac:[u'hmac-md5-etm@openssh.com', u'hmac-sha1-etm@openssh.com', u'umac-64-etm@openssh.com', u'umac-128-etm@openssh.com', u'hmac-sha2-256-etm@openssh.com', u'hmac-sha2-512-etm@openssh.com', u'hmac-ripemd160-etm@openssh.com', u'hmac-sha1-96-etm@openssh.com', u'hmac-md5-96-etm@openssh.com', u'hmac-md5', u'hmac-sha1', u'umac-64@openssh.com', u'umac-128@openssh.com', u'hmac-sha2-256', u'hmac-sha2-256-96', u'hmac-sha2-512', u'hmac-sha2-512-96', u'hmac-ripemd160', u'hmac-ripemd160@openssh.com', u'hmac-sha1-96', u'hmac-md5-96'] server mac:[u'hmac-md5-etm@openssh.com', u'hmac-sha1-etm@openssh.com', u'umac-64-etm@openssh.com', u'umac-128-etm@openssh.com', u'hmac-sha2-256-etm@openssh.com', u'hmac-sha2-512-etm@openssh.com', u'hmac-ripemd160-etm@openssh.com', u'hmac-sha1-96-etm@openssh.com', u'hmac-md5-96-etm@openssh.com', u'hmac-md5', u'hmac-sha1', u'umac-64@openssh.com', u'umac-128@openssh.com', u'hmac-sha2-256', u'hmac-sha2-256-96', u'hmac-sha2-512', u'hmac-sha2-512-96', u'hmac-ripemd160', u'hmac-ripemd160@openssh.com', u'hmac-sha1-96', u'hmac-md5-96'] client compress:[u'none', u'zlib@openssh.com'] server compress:[u'none', u'zlib@openssh.com'] client lang:[u''] server lang:[u''] kex follows?False
2017-03-22 16:56:17,913 - paramiko.transport - DEBUG - Kex agreed: diffie-hellman-group1-sha1
2017-03-22 16:56:17,913 - paramiko.transport - DEBUG - Cipher agreed: aes128-ctr
2017-03-22 16:56:17,913 - paramiko.transport - DEBUG - MAC agreed: hmac-sha2-256
2017-03-22 16:56:17,914 - paramiko.transport - DEBUG - Compression agreed: none
2017-03-22 16:56:17,951 - paramiko.transport - DEBUG - Remote version/idstring: SSH-2.0-OpenSSH_6.6.1
2017-03-22 16:56:17,951 - paramiko.transport - INFO - Connected (version 2.0, client OpenSSH_6.6.1)
2017-03-22 16:56:18,085 - paramiko.transport - DEBUG - kex engine KexGroup1 specified hash_algo <built-in function openssl_sha1>
2017-03-22 16:56:18,085 - paramiko.transport - DEBUG - Switch to new keys ...
2017-03-22 16:56:18,087 - paramiko.transport - DEBUG - Adding ssh-rsa host key for 10.19.120.226: ab870eaf371e0e45978358da7164a064
2017-03-22 16:56:18,200 - paramiko.transport - DEBUG - kex algos:[u'curve25519-sha256@libssh.org', u'ecdh-sha2-nistp256', u'ecdh-sha2-nistp384', u'ecdh-sha2-nistp521', u'diffie-hellman-group-exchange-sha256', u'diffie-hellman-group-exchange-sha1', u'diffie-hellman-group14-sha1', u'diffie-hellman-group1-sha1'] server key:[u'ssh-rsa', u'ssh-dss', u'ecdsa-sha2-nistp256', u'ssh-ed25519'] client encrypt:[u'aes128-ctr', u'aes192-ctr', u'aes256-ctr', u'arcfour256', u'arcfour128', u'aes128-gcm@openssh.com', u'aes256-gcm@openssh.com', u'chacha20-poly1305@openssh.com', u'aes128-cbc', u'3des-cbc', u'blowfish-cbc', u'cast128-cbc', u'aes192-cbc', u'aes256-cbc', u'arcfour', u'rijndael-cbc@lysator.liu.se'] server encrypt:[u'aes128-ctr', u'aes192-ctr', u'aes256-ctr', u'arcfour256', u'arcfour128', u'aes128-gcm@openssh.com', u'aes256-gcm@openssh.com', u'chacha20-poly1305@openssh.com', u'aes128-cbc', u'3des-cbc', u'blowfish-cbc', u'cast128-cbc', u'aes192-cbc', u'aes256-cbc', u'arcfour', u'rijndael-cbc@lysator.liu.se'] client mac:[u'hmac-md5-etm@openssh.com', u'hmac-sha1-etm@openssh.com', u'umac-64-etm@openssh.com', u'umac-128-etm@openssh.com', u'hmac-sha2-256-etm@openssh.com', u'hmac-sha2-512-etm@openssh.com', u'hmac-ripemd160-etm@openssh.com', u'hmac-sha1-96-etm@openssh.com', u'hmac-md5-96-etm@openssh.com', u'hmac-md5', u'hmac-sha1', u'umac-64@openssh.com', u'umac-128@openssh.com', u'hmac-sha2-256', u'hmac-sha2-256-96', u'hmac-sha2-512', u'hmac-sha2-512-96', u'hmac-ripemd160', u'hmac-ripemd160@openssh.com', u'hmac-sha1-96', u'hmac-md5-96'] server mac:[u'hmac-md5-etm@openssh.com', u'hmac-sha1-etm@openssh.com', u'umac-64-etm@openssh.com', u'umac-128-etm@openssh.com', u'hmac-sha2-256-etm@openssh.com', u'hmac-sha2-512-etm@openssh.com', u'hmac-ripemd160-etm@openssh.com', u'hmac-sha1-96-etm@openssh.com', u'hmac-md5-96-etm@openssh.com', u'hmac-md5', u'hmac-sha1', u'umac-64@openssh.com', u'umac-128@openssh.com', u'hmac-sha2-256', u'hmac-sha2-256-96', u'hmac-sha2-512', u'hmac-sha2-512-96', u'hmac-ripemd160', u'hmac-ripemd160@openssh.com', u'hmac-sha1-96', u'hmac-md5-96'] client compress:[u'none', u'zlib@openssh.com'] server compress:[u'none', u'zlib@openssh.com'] client lang:[u''] server lang:[u''] kex follows?False
2017-03-22 16:56:18,200 - paramiko.transport - DEBUG - Kex agreed: diffie-hellman-group1-sha1
2017-03-22 16:56:18,201 - paramiko.transport - DEBUG - Cipher agreed: aes128-ctr
2017-03-22 16:56:18,201 - paramiko.transport - DEBUG - MAC agreed: hmac-sha2-256
2017-03-22 16:56:18,201 - paramiko.transport - DEBUG - Compression agreed: none
2017-03-22 16:56:18,513 - paramiko.transport - DEBUG - userauth is OK
2017-03-22 16:56:18,522 - paramiko.transport - DEBUG - kex engine KexGroup1 specified hash_algo <built-in function openssl_sha1>
2017-03-22 16:56:18,523 - paramiko.transport - DEBUG - Switch to new keys ...
2017-03-22 16:56:18,556 - paramiko.transport - DEBUG - Adding ssh-rsa host key for 10.19.122.62: 80746f1ad83e41ad8adf91ccc7b67c3b
2017-03-22 16:56:18,681 - paramiko.transport - INFO - Authentication (password) successful!
2017-03-22 16:56:18,692 - paramiko.transport - DEBUG - [chan 0] Max packet in: 32768 bytes
2017-03-22 16:56:18,855 - paramiko.transport - DEBUG - [chan 0] Max packet out: 32768 bytes
2017-03-22 16:56:18,855 - paramiko.transport - DEBUG - Secsh channel 0 opened.
2017-03-22 16:56:18,924 - paramiko.transport - DEBUG - userauth is OK
2017-03-22 16:56:19,012 - paramiko.transport - DEBUG - [chan 0] Sesch channel 0 request ok
2017-03-22 16:56:19,082 - paramiko.transport - DEBUG - [chan 0] EOF received (0)
2017-03-22 16:56:19,084 - root - INFO - Loaded list of commands [10.19.120.226]
2017-03-22 16:56:19,085 - paramiko.transport - DEBUG - [chan 1] Max packet in: 32768 bytes
2017-03-22 16:56:19,085 - paramiko.transport - DEBUG - [chan 0] EOF sent (0)
2017-03-22 16:56:19,251 - paramiko.transport - DEBUG - [chan 1] Max packet out: 32768 bytes
2017-03-22 16:56:19,251 - paramiko.transport - DEBUG - Secsh channel 1 opened.
2017-03-22 16:56:19,274 - paramiko.transport - INFO - Authentication (password) successful!
2017-03-22 16:56:19,281 - paramiko.transport - DEBUG - [chan 0] Max packet in: 32768 bytes
2017-03-22 16:56:19,442 - paramiko.transport - DEBUG - [chan 0] Max packet out: 32768 bytes
2017-03-22 16:56:19,443 - paramiko.transport - DEBUG - Secsh channel 0 opened.
2017-03-22 16:56:19,628 - paramiko.transport - DEBUG - [chan 0] Sesch channel 0 request ok
2017-03-22 16:56:19,659 - paramiko.transport - DEBUG - [chan 1] Sesch channel 1 request ok
2017-03-22 16:56:19,845 - paramiko.transport - DEBUG - [chan 1] EOF received (1)
2017-03-22 16:56:19,846 - paramiko.transport - DEBUG - [chan 2] Max packet in: 32768 bytes
2017-03-22 16:56:19,847 - paramiko.transport - DEBUG - [chan 1] EOF sent (1)
2017-03-22 16:56:20,000 - paramiko.transport - DEBUG - [chan 2] Max packet out: 32768 bytes
2017-03-22 16:56:20,000 - paramiko.transport - DEBUG - Secsh channel 2 opened.
2017-03-22 16:56:20,401 - paramiko.transport - DEBUG - [chan 2] Sesch channel 2 request ok
2017-03-22 16:56:20,468 - paramiko.transport - DEBUG - [chan 2] EOF received (2)
2017-03-22 16:56:20,468 - paramiko.transport - DEBUG - [chan 3] Max packet in: 32768 bytes
2017-03-22 16:56:20,469 - paramiko.transport - DEBUG - [chan 2] EOF sent (2)
2017-03-22 16:56:20,620 - paramiko.transport - DEBUG - [chan 3] Max packet out: 32768 bytes
2017-03-22 16:56:20,620 - paramiko.transport - DEBUG - Secsh channel 3 opened.
2017-03-22 16:56:20,707 - paramiko.transport - DEBUG - [chan 0] EOF received (0)
2017-03-22 16:56:20,709 - paramiko.transport - DEBUG - [chan 0] EOF sent (0)
2017-03-22 16:56:20,709 - root - INFO - Loaded list of commands [10.19.122.62]
2017-03-22 16:56:20,710 - paramiko.transport - DEBUG - [chan 1] Max packet in: 32768 bytes
2017-03-22 16:56:21,025 - paramiko.transport - DEBUG - [chan 3] Sesch channel 3 request ok
2017-03-22 16:56:21,105 - paramiko.transport - DEBUG - [chan 3] EOF received (3)
2017-03-22 16:56:21,106 - paramiko.transport - DEBUG - [chan 3] EOF sent (3)
2017-03-22 16:56:21,107 - paramiko.transport - DEBUG - [chan 4] Max packet in: 32768 bytes
2017-03-22 16:56:21,208 - paramiko.transport - DEBUG - [chan 1] Max packet out: 32768 bytes
2017-03-22 16:56:21,208 - paramiko.transport - DEBUG - Secsh channel 1 opened.
2017-03-22 16:56:21,378 - paramiko.transport - DEBUG - [chan 1] Sesch channel 1 request ok
2017-03-22 16:56:21,511 - paramiko.transport - DEBUG - [chan 4] Max packet out: 32768 bytes
2017-03-22 16:56:21,512 - paramiko.transport - DEBUG - Secsh channel 4 opened.
2017-03-22 16:56:21,665 - paramiko.transport - DEBUG - [chan 4] Sesch channel 4 request ok
2017-03-22 16:56:21,719 - paramiko.transport - DEBUG - [chan 4] EOF received (4)
2017-03-22 16:56:21,719 - paramiko.transport - DEBUG - [chan 5] Max packet in: 32768 bytes
2017-03-22 16:56:21,719 - paramiko.transport - DEBUG - [chan 4] EOF sent (4)
2017-03-22 16:56:21,869 - paramiko.transport - DEBUG - [chan 5] Max packet out: 32768 bytes
2017-03-22 16:56:21,870 - paramiko.transport - DEBUG - Secsh channel 5 opened.
2017-03-22 16:56:22,278 - paramiko.transport - DEBUG - [chan 5] Sesch channel 5 request ok
2017-03-22 16:56:22,289 - paramiko.transport - DEBUG - [chan 1] EOF received (1)
2017-03-22 16:56:22,289 - paramiko.transport - DEBUG - [chan 2] Max packet in: 32768 bytes
2017-03-22 16:56:22,290 - paramiko.transport - DEBUG - [chan 1] EOF sent (1)
2017-03-22 16:56:22,338 - paramiko.transport - DEBUG - [chan 5] EOF received (5)
2017-03-22 16:56:22,339 - paramiko.transport - DEBUG - [chan 6] Max packet in: 32768 bytes
2017-03-22 16:56:22,340 - paramiko.transport - DEBUG - [chan 5] EOF sent (5)
2017-03-22 16:56:22,443 - paramiko.transport - DEBUG - [chan 2] Max packet out: 32768 bytes
2017-03-22 16:56:22,444 - paramiko.transport - DEBUG - Secsh channel 2 opened.
2017-03-22 16:56:22,490 - paramiko.transport - DEBUG - [chan 6] Max packet out: 32768 bytes
2017-03-22 16:56:22,490 - paramiko.transport - DEBUG - Secsh channel 6 opened.
2017-03-22 16:56:22,854 - paramiko.transport - DEBUG - [chan 2] Sesch channel 2 request ok
2017-03-22 16:56:22,897 - paramiko.transport - DEBUG - [chan 6] Sesch channel 6 request ok
2017-03-22 16:56:23,960 - paramiko.transport - DEBUG - [chan 2] EOF received (2)
2017-03-22 16:56:23,960 - paramiko.transport - DEBUG - [chan 3] Max packet in: 32768 bytes
2017-03-22 16:56:23,961 - paramiko.transport - DEBUG - [chan 2] EOF sent (2)
2017-03-22 16:56:24,117 - paramiko.transport - DEBUG - [chan 3] Max packet out: 32768 bytes
2017-03-22 16:56:24,117 - paramiko.transport - DEBUG - Secsh channel 3 opened.
2017-03-22 16:56:24,533 - paramiko.transport - DEBUG - [chan 3] Sesch channel 3 request ok
2017-03-22 16:56:25,323 - paramiko.transport - DEBUG - [chan 6] EOF received (6)
2017-03-22 16:56:25,325 - paramiko.transport - DEBUG - [chan 7] Max packet in: 32768 bytes
2017-03-22 16:56:25,325 - paramiko.transport - DEBUG - [chan 6] EOF sent (6)
2017-03-22 16:56:25,476 - paramiko.transport - DEBUG - [chan 7] Max packet out: 32768 bytes
2017-03-22 16:56:25,477 - paramiko.transport - DEBUG - Secsh channel 7 opened.
2017-03-22 16:56:25,592 - paramiko.transport - DEBUG - [chan 3] EOF received (3)
2017-03-22 16:56:25,592 - paramiko.transport - DEBUG - [chan 4] Max packet in: 32768 bytes
2017-03-22 16:56:25,593 - paramiko.transport - DEBUG - [chan 3] EOF sent (3)
2017-03-22 16:56:25,749 - paramiko.transport - DEBUG - [chan 4] Max packet out: 32768 bytes
2017-03-22 16:56:25,750 - paramiko.transport - DEBUG - Secsh channel 4 opened.
2017-03-22 16:56:25,885 - paramiko.transport - DEBUG - [chan 7] Sesch channel 7 request ok
2017-03-22 16:56:25,892 - paramiko.transport - DEBUG - EOF in transport thread
2017-03-22 16:56:26,168 - paramiko.transport - DEBUG - [chan 4] Sesch channel 4 request ok
2017-03-22 16:56:26,975 - paramiko.transport - DEBUG - [chan 4] EOF received (4)
2017-03-22 16:56:26,976 - paramiko.transport - DEBUG - [chan 5] Max packet in: 32768 bytes
2017-03-22 16:56:26,977 - paramiko.transport - DEBUG - [chan 4] EOF sent (4)
2017-03-22 16:56:27,129 - paramiko.transport - DEBUG - [chan 5] Max packet out: 32768 bytes
2017-03-22 16:56:27,130 - paramiko.transport - DEBUG - Secsh channel 5 opened.
2017-03-22 16:56:27,548 - paramiko.transport - DEBUG - [chan 5] Sesch channel 5 request ok
2017-03-22 16:56:28,338 - paramiko.transport - DEBUG - [chan 5] EOF received (5)
2017-03-22 16:56:28,339 - paramiko.transport - DEBUG - [chan 6] Max packet in: 32768 bytes
2017-03-22 16:56:28,339 - paramiko.transport - DEBUG - [chan 5] EOF sent (5)
2017-03-22 16:56:28,496 - paramiko.transport - DEBUG - [chan 6] Max packet out: 32768 bytes
2017-03-22 16:56:28,496 - paramiko.transport - DEBUG - Secsh channel 6 opened.
2017-03-22 16:56:28,988 - paramiko.transport - DEBUG - [chan 6] Sesch channel 6 request ok
2017-03-22 16:56:30,378 - paramiko.transport - DEBUG - [chan 6] EOF received (6)
2017-03-22 16:56:30,379 - paramiko.transport - DEBUG - [chan 7] Max packet in: 32768 bytes
2017-03-22 16:56:30,379 - paramiko.transport - DEBUG - [chan 6] EOF sent (6)
2017-03-22 16:56:30,537 - paramiko.transport - DEBUG - [chan 7] Max packet out: 32768 bytes
2017-03-22 16:56:30,537 - paramiko.transport - DEBUG - Secsh channel 7 opened.
2017-03-22 16:56:30,957 - paramiko.transport - DEBUG - [chan 7] Sesch channel 7 request ok
2017-03-22 16:57:06,618 - paramiko.transport - DEBUG - [chan 7] EOF received (7)
2017-03-22 16:57:06,623 - paramiko.transport - DEBUG - [chan 8] Max packet in: 32768 bytes
2017-03-22 16:57:06,623 - paramiko.transport - DEBUG - [chan 7] EOF sent (7)
2017-03-22 16:57:06,779 - paramiko.transport - DEBUG - [chan 8] Max packet out: 32768 bytes
2017-03-22 16:57:06,779 - paramiko.transport - DEBUG - Secsh channel 8 opened.
2017-03-22 16:57:07,192 - paramiko.transport - DEBUG - [chan 8] Sesch channel 8 request ok
2017-03-22 16:57:07,256 - paramiko.transport - DEBUG - EOF in transport thread
2017-03-22 16:57:07,285 - root - INFO - Retriving the information from devices : Process finished
